;  LST file generated by mikroListExporter - v.2.0 
; Date/Time: 4/26/2016 1:42:41 AM
;----------------------------------------------

;Address Opcode 	ASM
0x0000	0xF000EFE5  	GOTO        458
_interrupt:
;UART-ETHERNET.c,4 :: 		void interrupt()
0x0008	0xF015C000  	MOVFF       R0, 21
;UART-ETHERNET.c,6 :: 		TMR0IE_bit = 0;
0x000C	0x9AF2      	BCF         TMR0IE_bit, 5 
;UART-ETHERNET.c,7 :: 		if (TMR0IF_bit)
0x000E	0xA4F2      	BTFSS       TMR0IF_bit, 2 
0x0010	0xD030      	BRA         L_interrupt0
;UART-ETHERNET.c,9 :: 		TMR0IF_bit = 0;
0x0012	0x94F2      	BCF         TMR0IF_bit, 2 
;UART-ETHERNET.c,10 :: 		if(Low_Time_L < Low_Time) Low_Time_L++;
0x0014	0x0E80      	MOVLW       128
0x0016	0x181A      	XORWF       _Low_Time_L+1, 0 
0x0018	0x6E00      	MOVWF       R0 
0x001A	0x0E80      	MOVLW       128
0x001C	0x181C      	XORWF       _Low_Time+1, 0 
0x001E	0x5C00      	SUBWF       R0, 0 
0x0020	0xE102      	BNZ         L__interrupt22
0x0022	0x501B      	MOVF        _Low_Time, 0 
0x0024	0x5C19      	SUBWF       _Low_Time_L, 0 
L__interrupt22:
0x0026	0xE202      	BC          L_interrupt1
0x0028	0x4A19      	INFSNZ      _Low_Time_L, 1 
0x002A	0x2A1A      	INCF        _Low_Time_L+1, 1 
L_interrupt1:
;UART-ETHERNET.c,11 :: 		if(Low_Time_R < Low_Time) Low_Time_R++;
0x002C	0x0E80      	MOVLW       128
0x002E	0x1818      	XORWF       _Low_Time_R+1, 0 
0x0030	0x6E00      	MOVWF       R0 
0x0032	0x0E80      	MOVLW       128
0x0034	0x181C      	XORWF       _Low_Time+1, 0 
0x0036	0x5C00      	SUBWF       R0, 0 
0x0038	0xE102      	BNZ         L__interrupt23
0x003A	0x501B      	MOVF        _Low_Time, 0 
0x003C	0x5C17      	SUBWF       _Low_Time_R, 0 
L__interrupt23:
0x003E	0xE202      	BC          L_interrupt2
0x0040	0x4A17      	INFSNZ      _Low_Time_R, 1 
0x0042	0x2A18      	INCF        _Low_Time_R+1, 1 
L_interrupt2:
;UART-ETHERNET.c,12 :: 		if(Low_Time_VER < Low_Time) Low_Time_VER++;
0x0044	0x0E80      	MOVLW       128
0x0046	0x181F      	XORWF       _Low_Time_VER+1, 0 
0x0048	0x6E00      	MOVWF       R0 
0x004A	0x0E80      	MOVLW       128
0x004C	0x181C      	XORWF       _Low_Time+1, 0 
0x004E	0x5C00      	SUBWF       R0, 0 
0x0050	0xE102      	BNZ         L__interrupt24
0x0052	0x501B      	MOVF        _Low_Time, 0 
0x0054	0x5C1E      	SUBWF       _Low_Time_VER, 0 
L__interrupt24:
0x0056	0xE202      	BC          L_interrupt3
0x0058	0x4A1E      	INFSNZ      _Low_Time_VER, 1 
0x005A	0x2A1F      	INCF        _Low_Time_VER+1, 1 
L_interrupt3:
;UART-ETHERNET.c,14 :: 		if(L_HIGH) DUTY_L++;
0x005C	0xA028      	BTFSS       _L_HIGH, BitPos(_L_HIGH+0) 
0x005E	0xD001      	BRA         L_interrupt4
0x0060	0x2A1D      	INCF        _DUTY_L, 1 
L_interrupt4:
;UART-ETHERNET.c,15 :: 		if(R_HIGH) DUTY_R++;
0x0062	0xA428      	BTFSS       _R_HIGH, BitPos(_R_HIGH+0) 
0x0064	0xD001      	BRA         L_interrupt5
0x0066	0x2A16      	INCF        _DUTY_R, 1 
L_interrupt5:
;UART-ETHERNET.c,16 :: 		if(VER_HIGH) DUTY_VER++;
0x0068	0xA228      	BTFSS       _VER_HIGH, BitPos(_VER_HIGH+0) 
0x006A	0xD001      	BRA         L_interrupt6
0x006C	0x2A25      	INCF        _DUTY_VER, 1 
L_interrupt6:
;UART-ETHERNET.c,19 :: 		DUTY_G++;
0x006E	0x2A27      	INCF        _DUTY_G, 1 
;UART-ETHERNET.c,20 :: 		DUTY_A++;
0x0070	0x2A26      	INCF        _DUTY_A, 1 
;UART-ETHERNET.c,22 :: 		}
L_interrupt0:
;UART-ETHERNET.c,23 :: 		TMR0L = 0x10;
0x0072	0x0E10      	MOVLW       16
0x0074	0x6ED6      	MOVWF       TMR0L 
;UART-ETHERNET.c,24 :: 		TMR0IE_bit = 1;
0x0076	0x8AF2      	BSF         TMR0IE_bit, 5 
;UART-ETHERNET.c,25 :: 		}
L__interrupt21:
0x0078	0xF000C015  	MOVFF       21, R0
0x007C	0x0011      	RETFIE      1
; end of _interrupt
_Delay_100ms:
;__Lib_Delays.c,47 :: 		void Delay_100ms() {
;__Lib_Delays.c,48 :: 		Delay_ms(100);
0x007E	0x0E07      	MOVLW       7
0x0080	0x6E0B      	MOVWF       R11, 0
0x0082	0x0E17      	MOVLW       23
0x0084	0x6E0C      	MOVWF       R12, 0
0x0086	0x0E6A      	MOVLW       106
0x0088	0x6E0D      	MOVWF       R13, 0
L_Delay_100ms10:
0x008A	0x2E0D      	DECFSZ      R13, 1, 0
0x008C	0xD7FE      	BRA         L_Delay_100ms10
0x008E	0x2E0C      	DECFSZ      R12, 1, 0
0x0090	0xD7FC      	BRA         L_Delay_100ms10
0x0092	0x2E0B      	DECFSZ      R11, 1, 0
0x0094	0xD7FA      	BRA         L_Delay_100ms10
0x0096	0x0000      	NOP
;__Lib_Delays.c,49 :: 		}
0x0098	0x0012      	RETURN      0
; end of _Delay_100ms
_UART1_Init:
;__Lib_UART_c67.c,15 :: 		
;__Lib_UART_c67.c,18 :: 		
0x009A	0x0EFF      	MOVLW       _UART1_Write
0x009C	0x6E35      	MOVWF       _UART_Wr_Ptr 
0x009E	0x0EFF      	MOVLW       hi_addr(_UART1_Write)
0x00A0	0x6E36      	MOVWF       _UART_Wr_Ptr+1 
0x00A2	0x0EFF      	MOVLW       FARG_UART1_Write_data_
0x00A4	0x6E37      	MOVWF       _UART_Wr_Ptr+2 
0x00A6	0x0EFF      	MOVLW       hi_addr(FARG_UART1_Write_data_)
0x00A8	0x6E38      	MOVWF       _UART_Wr_Ptr+3 
;__Lib_UART_c67.c,19 :: 		
0x00AA	0x0EFF      	MOVLW       _UART1_Read
0x00AC	0x6E2D      	MOVWF       _UART_Rd_Ptr 
0x00AE	0x0EFF      	MOVLW       hi_addr(_UART1_Read)
0x00B0	0x6E2E      	MOVWF       _UART_Rd_Ptr+1 
0x00B2	0x0E00      	MOVLW       0
0x00B4	0x6E2F      	MOVWF       _UART_Rd_Ptr+2 
0x00B6	0x0E00      	MOVLW       0
0x00B8	0x6E30      	MOVWF       _UART_Rd_Ptr+3 
;__Lib_UART_c67.c,20 :: 		
0x00BA	0x0EFF      	MOVLW       _UART1_Data_Ready
0x00BC	0x6E29      	MOVWF       _UART_Rdy_Ptr 
0x00BE	0x0EFF      	MOVLW       hi_addr(_UART1_Data_Ready)
0x00C0	0x6E2A      	MOVWF       _UART_Rdy_Ptr+1 
0x00C2	0x0E00      	MOVLW       0
0x00C4	0x6E2B      	MOVWF       _UART_Rdy_Ptr+2 
0x00C6	0x0E00      	MOVLW       0
0x00C8	0x6E2C      	MOVWF       _UART_Rdy_Ptr+3 
;__Lib_UART_c67.c,21 :: 		
0x00CA	0x0EFF      	MOVLW       _UART1_Tx_Idle
0x00CC	0x6E31      	MOVWF       _UART_Tx_Idle_Ptr 
0x00CE	0x0EFF      	MOVLW       hi_addr(_UART1_Tx_Idle)
0x00D0	0x6E32      	MOVWF       _UART_Tx_Idle_Ptr+1 
0x00D2	0x0E00      	MOVLW       0
0x00D4	0x6E33      	MOVWF       _UART_Tx_Idle_Ptr+2 
0x00D6	0x0E00      	MOVLW       0
0x00D8	0x6E34      	MOVWF       _UART_Tx_Idle_Ptr+3 
;__Lib_UART_c67.c,23 :: 		
0x00DA	0x8AAC      	BSF         TXSTA, 5 
;__Lib_UART_c67.c,24 :: 		
0x00DC	0x0E90      	MOVLW       144
0x00DE	0x6EAB      	MOVWF       RCSTA 
;__Lib_UART_c67.c,25 :: 		
0x00E0	0x8E94      	BSF         TRISC7_bit, BitPos(TRISC7_bit+0) 
;__Lib_UART_c67.c,26 :: 		
0x00E2	0x9C94      	BCF         TRISC6_bit, BitPos(TRISC6_bit+0) 
;__Lib_UART_c67.c,28 :: 		
L_UART1_Init0:
0x00E4	0xAA9E      	BTFSS       PIR1, 5 
0x00E6	0xD003      	BRA         L_UART1_Init1
;__Lib_UART_c67.c,29 :: 		
0x00E8	0xF000CFAE  	MOVFF       RCREG, R0
0x00EC	0xD7FB      	BRA         L_UART1_Init0
L_UART1_Init1:
;__Lib_UART_c67.c,30 :: 		
L_end_UART1_Init:
0x00EE	0x0012      	RETURN      0
; end of _UART1_Init
_Init_Motors:
;UART-ETHERNET.c,27 :: 		void Init_Motors()
;UART-ETHERNET.c,29 :: 		char cnt = 0;
0x00F0	0x6A39      	CLRF        Init_Motors_cnt_L0 
;UART-ETHERNET.c,30 :: 		for(cnt = 0; cnt<210; cnt++)
0x00F2	0x6A39      	CLRF        Init_Motors_cnt_L0 
L_Init_Motors7:
0x00F4	0x0ED2      	MOVLW       210
0x00F6	0x5C39      	SUBWF       Init_Motors_cnt_L0, 0 
0x00F8	0xE21C      	BC          L_Init_Motors8
;UART-ETHERNET.c,32 :: 		LEFT = 1;
0x00FA	0x8E81      	BSF         RB7_bit, 7 
;UART-ETHERNET.c,33 :: 		RIGHT = 1;
0x00FC	0x8C81      	BSF         RB6_bit, 6 
;UART-ETHERNET.c,34 :: 		VERTICAL = 1;
0x00FE	0x8A81      	BSF         RB5_bit, 5 
;UART-ETHERNET.c,35 :: 		delay_us(1500);
0x0100	0x0E18      	MOVLW       24
0x0102	0x6E0C      	MOVWF       R12, 0
0x0104	0x0E5F      	MOVLW       95
0x0106	0x6E0D      	MOVWF       R13, 0
L_Init_Motors10:
0x0108	0x2E0D      	DECFSZ      R13, 1, 0
0x010A	0xD7FE      	BRA         L_Init_Motors10
0x010C	0x2E0C      	DECFSZ      R12, 1, 0
0x010E	0xD7FC      	BRA         L_Init_Motors10
;UART-ETHERNET.c,36 :: 		LEFT = 0;
0x0110	0x9E81      	BCF         RB7_bit, 7 
;UART-ETHERNET.c,37 :: 		RIGHT = 0;
0x0112	0x9C81      	BCF         RB6_bit, 6 
;UART-ETHERNET.c,38 :: 		VERTICAL = 0;
0x0114	0x9A81      	BCF         RB5_bit, 5 
;UART-ETHERNET.c,39 :: 		delay_ms(20);
0x0116	0x0E02      	MOVLW       2
0x0118	0x6E0B      	MOVWF       R11, 0
0x011A	0x0E38      	MOVLW       56
0x011C	0x6E0C      	MOVWF       R12, 0
0x011E	0x0EAD      	MOVLW       173
0x0120	0x6E0D      	MOVWF       R13, 0
L_Init_Motors11:
0x0122	0x2E0D      	DECFSZ      R13, 1, 0
0x0124	0xD7FE      	BRA         L_Init_Motors11
0x0126	0x2E0C      	DECFSZ      R12, 1, 0
0x0128	0xD7FC      	BRA         L_Init_Motors11
0x012A	0x2E0B      	DECFSZ      R11, 1, 0
0x012C	0xD7FA      	BRA         L_Init_Motors11
;UART-ETHERNET.c,30 :: 		for(cnt = 0; cnt<210; cnt++)
0x012E	0x2A39      	INCF        Init_Motors_cnt_L0, 1 
;UART-ETHERNET.c,40 :: 		}
0x0130	0xD7E1      	BRA         L_Init_Motors7
L_Init_Motors8:
;UART-ETHERNET.c,41 :: 		}
0x0132	0x0012      	RETURN      0
; end of _Init_Motors
_Motors_Signal:
;UART-ETHERNET.c,43 :: 		void Motors_Signal()
;UART-ETHERNET.c,45 :: 		if(Low_Time_L == Low_Time)   { L_HIGH = 1;      LEFT = 1; }
0x0134	0x501A      	MOVF        _Low_Time_L+1, 0 
0x0136	0x181C      	XORWF       _Low_Time+1, 0 
0x0138	0xE102      	BNZ         L__Motors_Signal25
0x013A	0x501B      	MOVF        _Low_Time, 0 
0x013C	0x1819      	XORWF       _Low_Time_L, 0 
L__Motors_Signal25:
0x013E	0xE102      	BNZ         L_Motors_Signal12
0x0140	0x8028      	BSF         _L_HIGH, BitPos(_L_HIGH+0) 
0x0142	0x8E81      	BSF         RB7_bit, 7 
L_Motors_Signal12:
;UART-ETHERNET.c,46 :: 		if(Low_Time_R == Low_Time)   { R_HIGH = 1;      RIGHT = 1; }
0x0144	0x5018      	MOVF        _Low_Time_R+1, 0 
0x0146	0x181C      	XORWF       _Low_Time+1, 0 
0x0148	0xE102      	BNZ         L__Motors_Signal26
0x014A	0x501B      	MOVF        _Low_Time, 0 
0x014C	0x1817      	XORWF       _Low_Time_R, 0 
L__Motors_Signal26:
0x014E	0xE102      	BNZ         L_Motors_Signal13
0x0150	0x8428      	BSF         _R_HIGH, BitPos(_R_HIGH+0) 
0x0152	0x8C81      	BSF         RB6_bit, 6 
L_Motors_Signal13:
;UART-ETHERNET.c,47 :: 		if(Low_Time_VER == Low_Time) { VER_HIGH = 1;    VERTICAL = 1; }
0x0154	0x501F      	MOVF        _Low_Time_VER+1, 0 
0x0156	0x181C      	XORWF       _Low_Time+1, 0 
0x0158	0xE102      	BNZ         L__Motors_Signal27
0x015A	0x501B      	MOVF        _Low_Time, 0 
0x015C	0x181E      	XORWF       _Low_Time_VER, 0 
L__Motors_Signal27:
0x015E	0xE102      	BNZ         L_Motors_Signal14
0x0160	0x8228      	BSF         _VER_HIGH, BitPos(_VER_HIGH+0) 
0x0162	0x8A81      	BSF         RB5_bit, 5 
L_Motors_Signal14:
;UART-ETHERNET.c,49 :: 		if(DUTY_L == Received_Data[0])  { L_HIGH = 0;   LEFT = 0; }
0x0164	0x501D      	MOVF        _DUTY_L, 0 
0x0166	0x1820      	XORWF       _Received_Data, 0 
0x0168	0xE102      	BNZ         L_Motors_Signal15
0x016A	0x9028      	BCF         _L_HIGH, BitPos(_L_HIGH+0) 
0x016C	0x9E81      	BCF         RB7_bit, 7 
L_Motors_Signal15:
;UART-ETHERNET.c,50 :: 		if(DUTY_R == Received_Data[1])   { R_HIGH = 0;   RIGHT = 0; }
0x016E	0x5016      	MOVF        _DUTY_R, 0 
0x0170	0x1821      	XORWF       _Received_Data+1, 0 
0x0172	0xE102      	BNZ         L_Motors_Signal16
0x0174	0x9428      	BCF         _R_HIGH, BitPos(_R_HIGH+0) 
0x0176	0x9C81      	BCF         RB6_bit, 6 
L_Motors_Signal16:
;UART-ETHERNET.c,51 :: 		if(DUTY_VER == Received_Data[2]) { VER_HIGH = 0; VERTICAL = 0; }
0x0178	0x5025      	MOVF        _DUTY_VER, 0 
0x017A	0x1822      	XORWF       _Received_Data+2, 0 
0x017C	0xE102      	BNZ         L_Motors_Signal17
0x017E	0x9228      	BCF         _VER_HIGH, BitPos(_VER_HIGH+0) 
0x0180	0x9A81      	BCF         RB5_bit, 5 
L_Motors_Signal17:
;UART-ETHERNET.c,52 :: 		}
0x0182	0x0012      	RETURN      0
; end of _Motors_Signal
___CC2DW:
;__Lib_System.c,21 :: 		
;__Lib_System.c,23 :: 		
_CC2DL_Loop1:
;__Lib_System.c,24 :: 		
0x0184	0x0009      	TBLRD*+
;__Lib_System.c,25 :: 		
0x0186	0xFFE6CFF5  	MOVFF       TABLAT, POSTINC1
;__Lib_System.c,26 :: 		
0x018A	0x0600      	DECF        R0, 1, 0
;__Lib_System.c,27 :: 		
0x018C	0xE1FB      	BNZ         _CC2DL_Loop1
;__Lib_System.c,28 :: 		
0x018E	0x0601      	DECF        R1, 1, 0
;__Lib_System.c,29 :: 		
0x0190	0xE1F9      	BNZ         _CC2DL_Loop1
;__Lib_System.c,31 :: 		
L_end___CC2DW:
0x0192	0x0012      	RETURN      0
; end of ___CC2DW
_Init:
;UART-ETHERNET.c,62 :: 		void Init()
;UART-ETHERNET.c,64 :: 		ADCON1 = 0x0E;
0x0194	0x0E0E      	MOVLW       14
0x0196	0x6EC1      	MOVWF       ADCON1 
;UART-ETHERNET.c,65 :: 		CMCON = 7;
0x0198	0x0E07      	MOVLW       7
0x019A	0x6EB4      	MOVWF       CMCON 
;UART-ETHERNET.c,66 :: 		TRISB = 0;
0x019C	0x6A93      	CLRF        TRISB 
;UART-ETHERNET.c,67 :: 		PORTB = 0;
0x019E	0x6A81      	CLRF        PORTB 
;UART-ETHERNET.c,69 :: 		UART1_Init(9600);
0x01A0	0x0E4D      	MOVLW       77
0x01A2	0x6EAF      	MOVWF       SPBRG 
0x01A4	0x94AC      	BCF         TXSTA, 2, 0
0x01A6	0xDF79      	RCALL       _UART1_Init
;UART-ETHERNET.c,70 :: 		Delay_100ms();
0x01A8	0xDF6A      	RCALL       _Delay_100ms
;UART-ETHERNET.c,72 :: 		Init_Motors();
0x01AA	0xDFA2      	RCALL       _Init_Motors
;UART-ETHERNET.c,73 :: 		Delay_ms(2000);
0x01AC	0x0E7A      	MOVLW       122
0x01AE	0x6E0B      	MOVWF       R11, 0
0x01B0	0x0EC1      	MOVLW       193
0x01B2	0x6E0C      	MOVWF       R12, 0
0x01B4	0x0E81      	MOVLW       129
0x01B6	0x6E0D      	MOVWF       R13, 0
L_Init18:
0x01B8	0x2E0D      	DECFSZ      R13, 1, 0
0x01BA	0xD7FE      	BRA         L_Init18
0x01BC	0x2E0C      	DECFSZ      R12, 1, 0
0x01BE	0xD7FC      	BRA         L_Init18
0x01C0	0x2E0B      	DECFSZ      R11, 1, 0
0x01C2	0xD7FA      	BRA         L_Init18
0x01C4	0x0000      	NOP
0x01C6	0x0000      	NOP
;UART-ETHERNET.c,76 :: 		}
0x01C8	0x0012      	RETURN      0
; end of _Init
_main:
0x01CA	0xF000ECF4  	CALL        488, 0
;UART-ETHERNET.c,78 :: 		void main()
;UART-ETHERNET.c,80 :: 		Init();
0x01CE	0xDFE2      	RCALL       _Init
;UART-ETHERNET.c,81 :: 		while(1)
L_main19:
;UART-ETHERNET.c,83 :: 		Motors_Signal();
0x01D0	0xDFB1      	RCALL       _Motors_Signal
;UART-ETHERNET.c,84 :: 		}
0x01D2	0xD7FE      	BRA         L_main19
;UART-ETHERNET.c,85 :: 		}
0x01D4	0xD7FF      	BRA         $+0
; end of _main
0x01E8	0xF016EE10  	LFSR        1, 22
0x01EC	0x0E12      	MOVLW       18
0x01EE	0x6E00      	MOVWF       R0 
0x01F0	0x0E01      	MOVLW       1
0x01F2	0x6E01      	MOVWF       R1 
0x01F4	0x0ED6      	MOVLW       214
0x01F6	0x6EF6      	MOVWF       4086 
0x01F8	0x0E01      	MOVLW       1
0x01FA	0x6EF7      	MOVWF       TBLPTRH 
0x01FC	0x0E00      	MOVLW       0
0x01FE	0x6EF8      	MOVWF       TBLPTRU 
0x0200	0xF000ECC2  	CALL        388, 0
0x0204	0x0012      	RETURN      0
;UART-ETHERNET.c,0 :: ?ICS_DUTY_R
0x01D6	0x00 ;?ICS_DUTY_R+0
; end of ?ICS_DUTY_R
;UART-ETHERNET.c,0 :: ?ICS_Low_Time_R
0x01D7	0x0000 ;?ICS_Low_Time_R+0
; end of ?ICS_Low_Time_R
;UART-ETHERNET.c,0 :: ?ICS_Low_Time_L
0x01D9	0x0000 ;?ICS_Low_Time_L+0
; end of ?ICS_Low_Time_L
;UART-ETHERNET.c,0 :: ?ICS_Low_Time
0x01DB	0x03E8 ;?ICS_Low_Time+0
; end of ?ICS_Low_Time
;UART-ETHERNET.c,0 :: ?ICS_DUTY_L
0x01DD	0x00 ;?ICS_DUTY_L+0
; end of ?ICS_DUTY_L
;UART-ETHERNET.c,0 :: ?ICS_Low_Time_VER
0x01DE	0x0000 ;?ICS_Low_Time_VER+0
; end of ?ICS_Low_Time_VER
;UART-ETHERNET.c,0 :: ?ICS_Received_Data
0x01E0	0x0000 ;?ICS_Received_Data+0
0x01E2	0x0000 ;?ICS_Received_Data+2
0x01E4	0x00 ;?ICS_Received_Data+4
; end of ?ICS_Received_Data
;UART-ETHERNET.c,0 :: ?ICS_DUTY_VER
0x01E5	0x00 ;?ICS_DUTY_VER+0
; end of ?ICS_DUTY_VER
;UART-ETHERNET.c,0 :: ?ICS_DUTY_A
0x01E6	0x00 ;?ICS_DUTY_A+0
; end of ?ICS_DUTY_A
;UART-ETHERNET.c,0 :: ?ICS_DUTY_G
0x01E7	0x00 ;?ICS_DUTY_G+0
; end of ?ICS_DUTY_G
Symbol List:
//** Routines locations **
//ADDRESS    SIZE    PROCEDURE
//----------------------------------------------
0x0008     [118]    _interrupt
0x007E      [28]    _Delay_100ms
0x009A      [86]    _UART1_Init
0x00F0      [68]    _Init_Motors
0x0134      [80]    _Motors_Signal
0x0184      [16]    ___CC2DW
0x0194      [54]    _Init
0x01CA      [12]    _main
//** Variables locations ** 
//ADDRESS    SIZE    VARIABLE
//----------------------------------------------
0x0000       [1]    __Lib_SoftI2C_PutZerosToLATSda_temp_sda_L0
0x0000       [1]    EEPROM_Write_SaveINTCON_L0
0x0000       [1]    __Lib_SoftI2C_PutZerosToLATScl_temp_scl_L0
0x0000       [1]    SPI1_Write_tmp_L0
0x0000       [1]    R0
0x0000       [1]    FLASH_Erase_64_SaveINTCON_L0
0x0000       [1]    UART1_Init_tmp_L0
0x0001       [1]    __Lib_TFT_16bit_JPEG_FileReadBytes_Result_L0
0x0001       [1]    I2C1_Rd_tmp_L0
0x0001       [1]    FLASH_Write_32_i_L0
0x0001       [1]    __Lib_TFT_16bit_JPEG_FileRead_i_L0
0x0001       [1]    R1
0x0001       [1]    __Lib_PS2_Wait_Falling_nsample_L0
0x0001       [1]    __Lib_TFT_JPEG_FileRead_i_L0
0x0001       [1]    UART1_Read___tmp_UART1_Read_L0
0x0001       [2]    FLASH_Read_N_Bytes_i_L0
0x0001       [1]    FLASH_Erase_Write_64_i_L0
0x0001       [1]    ispunct_rslt_L0
0x0001       [1]    __Lib_TFT_JPEG_FileReadBytes_Result_L0
0x0002       [2]    memcpy_dd_L0
0x0002       [2]    memchr_s_L0
0x0002       [1]    R2
0x0002       [2]    memset_pp_L0
0x0002       [2]    __Lib_USB_genHID_memset_usb_int_pp_L0
0x0002       [1]    __Lib_USB_genHID_USB_CtrlTrf_Rx_Service_byteToRead_L0
0x0002       [2]    __Lib_USB_genHID_memset_usb_pp_L0
0x0002       [1]    FLASH_Erase_Write_64_j_L0
0x0002       [2]    strlen_cp_L0
0x0002       [1]    FLASH_Write_32_SaveINTCON_L0
0x0003       [2]    Ltrim_original_L0
0x0003       [1]    R3
0x0003       [1]    FLASH_Erase_Write_64_SaveINTCON_L0
0x0003       [2]    memmove_tt_L0
0x0003       [2]    __Lib_USB_genHID_USB_CtrlTrf_Tx_Service_byteToSend_L0
0x0003       [2]    MM_TotalFreeMemSize_Tot_L0
0x0003       [1]    __Lib_USB_genHID_USB_CtrlTrf_Rx_Service_i_L0
0x0003       [2]    __Lib_MmcFat16_f16_toInt_l_L0
0x0003       [1]    MM_Init_i_L0
0x0004       [2]    strcpy_cp_L0
0x0004       [2]    __Lib_MemManager_MM_GetMemAlign_P_L0
0x0004       [2]    frexp_pom_L0
0x0004       [2]    strncpy_cp_L0
0x0004       [2]    __Lib_USB_genHID_USB_Transfer_Packet_Int_handle_L0
0x0004       [2]    __Lib_USB_genHID_USB_Transfer_Packet_handle_L0
0x0004       [2]    strncat_cp_L0
0x0004       [2]    strcat_cp_L0
0x0004       [2]    __Lib_USB_genHID_USB_Std_Feature_Req_Handler_p_L0
0x0004       [2]    __Lib_USB_genHID_USB_Get_Status_Handler_p_L2
0x0004       [1]    __Lib_USB_genHID_GetMaxIndexInDevDsc_index_L0
0x0004       [2]    memcpy_ss_L0
0x0004       [1]    R4
0x0005       [1]    R5
0x0005       [1]    MM_TotalFreeMemSize_i_L0
0x0005       [2]    Ltrim_p_L0
0x0005       [2]    LongWordToHex_input_half_L0
0x0005       [2]    LongIntToHex_input_half_L0
0x0005       [2]    memmove_ff_L0
0x0005       [2]    __Lib_USB_genHID_USB_Configure_Endpoint_handle_L0
0x0006       [1]    __Lib_MemManager_MM_GetMemAlign_i_L0
0x0006       [2]    __Lib_USB_genHID_GetMaxIndexInConfigDsc_totalLen_L0
0x0006       [1]    R6
0x0007       [1]    __Lib_TFT_JPEG_GenerateHuffmanTables_bLength_L0
0x0007       [1]    __Lib_TFT_16bit_JPEG_GenerateHuffmanTables_bLength_L0
0x0007       [1]    R7
0x0008       [3]    __Lib_USB_genHID_GetMaxIndexInConfigDsc_ptr_L0
0x0008       [1]    __Lib_TFT_16bit_JPEG_GenerateHuffmanTables_bTable_L0
0x0008       [1]    __Lib_TFT_JPEG_GenerateHuffmanTables_bTable_L0
0x0008       [1]    R8
0x0009       [4]    __Lib_MmcFat16_f16_toLong_l_L0
0x0009       [1]    R9
0x000A       [1]    R10
0x000B       [1]    R11
0x000C       [1]    R12
0x000D       [1]    R13
0x000E       [1]    R14
0x000F       [1]    R15
0x0010       [1]    R16
0x0011       [1]    R17
0x0012       [1]    R18
0x0013       [1]    R19
0x0014       [1]    R20
0x0016       [1]    _DUTY_R
0x0017       [2]    _Low_Time_R
0x0019       [2]    _Low_Time_L
0x001B       [2]    _Low_Time
0x001D       [1]    _DUTY_L
0x001E       [2]    _Low_Time_VER
0x0020       [5]    _Received_Data
0x0025       [1]    _DUTY_VER
0x0026       [1]    _DUTY_A
0x0027       [1]    _DUTY_G
0x0028       [0]    _VER_HIGH
0x0028       [0]    _L_HIGH
0x0028       [0]    _R_HIGH
0x0029       [4]    _UART_Rdy_Ptr
0x002D       [4]    _UART_Rd_Ptr
0x0031       [4]    _UART_Tx_Idle_Ptr
0x0035       [4]    _UART_Wr_Ptr
0x0039       [1]    Init_Motors_cnt_L0
0x0400      [32]    __Lib_USB_genHID_BDT
0x0420       [8]    __Lib_USB_genHID_SetupPkt
0x0428       [8]    __Lib_USB_genHID_CtrlTrfData
0x0F66       [0]    FRM5_bit
0x0F66       [0]    FRM4_bit
0x0F66       [0]    FRM7_bit
0x0F66       [0]    FRM6_bit
0x0F66       [0]    FRM3_bit
0x0F66       [0]    FRM0_bit
0x0F66       [1]    UFRML
0x0F66       [0]    FRM2_bit
0x0F66       [0]    FRM1_bit
0x0F67       [0]    FRM10_bit
0x0F67       [1]    UFRMH
0x0F67       [0]    FRM8_bit
0x0F67       [0]    FRM9_bit
0x0F68       [0]    STALLIF_bit
0x0F68       [1]    UIR
0x0F68       [0]    SOFIF_bit
0x0F68       [0]    IDLEIF_bit
0x0F68       [0]    UERRIF_bit
0x0F68       [0]    URSTIF_bit
0x0F68       [0]    TRNIF_bit
0x0F68       [0]    ACTVIF_bit
0x0F69       [0]    TRNIE_bit
0x0F69       [0]    ACTVIE_bit
0x0F69       [0]    IDLEIE_bit
0x0F69       [0]    SOFIE_bit
0x0F69       [0]    STALLIE_bit
0x0F69       [1]    UIE
0x0F69       [0]    URSTIE_bit
0x0F69       [0]    UERRIE_bit
0x0F6A       [0]    DFN8EF_bit
0x0F6A       [0]    CRC16EF_bit
0x0F6A       [0]    BTSEF_bit
0x0F6A       [0]    BTOEF_bit
0x0F6A       [1]    UEIR
0x0F6A       [0]    PIDEF_bit
0x0F6A       [0]    CRC5EF_bit
0x0F6B       [0]    CRC16EE_bit
0x0F6B       [0]    DFN8EE_bit
0x0F6B       [0]    CRC5EE_bit
0x0F6B       [1]    UEIE
0x0F6B       [0]    PIDEE_bit
0x0F6B       [0]    BTOEE_bit
0x0F6B       [0]    BTSEE_bit
0x0F6C       [0]    ENDP1_bit
0x0F6C       [0]    ENDP3_bit
0x0F6C       [0]    ENDP2_bit
0x0F6C       [0]    ENDP0_bit
0x0F6C       [0]    DIR__bit
0x0F6C       [0]    PPBI_bit
0x0F6C       [1]    USTAT
0x0F6D       [0]    RESUME__bit
0x0F6D       [0]    SUSPND_bit
0x0F6D       [1]    UCON
0x0F6D       [0]    SE0_bit
0x0F6D       [0]    PPBRST_bit
0x0F6D       [0]    USBEN_bit
0x0F6D       [0]    PKTDIS_bit
0x0F6E       [0]    ADDR6_bit
0x0F6E       [0]    ADDR3_bit
0x0F6E       [0]    ADDR5_bit
0x0F6E       [0]    ADDR4_bit
0x0F6E       [0]    ADDR1_bit
0x0F6E       [0]    ADDR0_bit
0x0F6E       [0]    ADDR2_bit
0x0F6E       [1]    UADDR
0x0F6F       [0]    UTEYE_bit
0x0F6F       [1]    UCFG
0x0F6F       [0]    UPUEN_bit
0x0F6F       [0]    PPB1_bit
0x0F6F       [0]    FSEN_bit
0x0F6F       [0]    UTRDIS_bit
0x0F6F       [0]    UOEMON_bit
0x0F6F       [0]    PPB0_bit
0x0F70       [0]    EPCONDIS_bit
0x0F70       [0]    EPSTALL_bit
0x0F70       [0]    EPOUTEN_bit
0x0F70       [1]    UEP0
0x0F70       [0]    EPINEN_bit
0x0F70       [0]    EPHSHK_bit
0x0F71       [0]    EPHSHK_UEP1_bit
0x0F71       [0]    EPOUTEN_UEP1_bit
0x0F71       [0]    EPINEN_UEP1_bit
0x0F71       [0]    EPCONDIS_UEP1_bit
0x0F71       [1]    UEP1
0x0F71       [0]    EPSTALL_UEP1_bit
0x0F72       [0]    EPCONDIS_UEP2_bit
0x0F72       [0]    EPOUTEN_UEP2_bit
0x0F72       [0]    EPHSHK_UEP2_bit
0x0F72       [0]    EPINEN_UEP2_bit
0x0F72       [0]    EPSTALL_UEP2_bit
0x0F72       [1]    UEP2
0x0F73       [1]    UEP3
0x0F73       [0]    EPINEN_UEP3_bit
0x0F73       [0]    EPSTALL_UEP3_bit
0x0F73       [0]    EPOUTEN_UEP3_bit
0x0F73       [0]    EPHSHK_UEP3_bit
0x0F73       [0]    EPCONDIS_UEP3_bit
0x0F74       [0]    EPOUTEN_UEP4_bit
0x0F74       [0]    EPINEN_UEP4_bit
0x0F74       [0]    EPSTALL_UEP4_bit
0x0F74       [0]    EPCONDIS_UEP4_bit
0x0F74       [1]    UEP4
0x0F74       [0]    EPHSHK_UEP4_bit
0x0F75       [1]    UEP5
0x0F75       [0]    EPOUTEN_UEP5_bit
0x0F75       [0]    EPCONDIS_UEP5_bit
0x0F75       [0]    EPHSHK_UEP5_bit
0x0F75       [0]    EPSTALL_UEP5_bit
0x0F75       [0]    EPINEN_UEP5_bit
0x0F76       [0]    EPINEN_UEP6_bit
0x0F76       [0]    EPSTALL_UEP6_bit
0x0F76       [1]    UEP6
0x0F76       [0]    EPHSHK_UEP6_bit
0x0F76       [0]    EPCONDIS_UEP6_bit
0x0F76       [0]    EPOUTEN_UEP6_bit
0x0F77       [1]    UEP7
0x0F77       [0]    EPOUTEN_UEP7_bit
0x0F77       [0]    EPINEN_UEP7_bit
0x0F77       [0]    EPSTALL_UEP7_bit
0x0F77       [0]    EPHSHK_UEP7_bit
0x0F77       [0]    EPCONDIS_UEP7_bit
0x0F78       [1]    UEP8
0x0F78       [0]    EPCONDIS_UEP8_bit
0x0F78       [0]    EPHSHK_UEP8_bit
0x0F78       [0]    EPOUTEN_UEP8_bit
0x0F78       [0]    EPSTALL_UEP8_bit
0x0F78       [0]    EPINEN_UEP8_bit
0x0F79       [0]    EPCONDIS_UEP9_bit
0x0F79       [0]    EPHSHK_UEP9_bit
0x0F79       [1]    UEP9
0x0F79       [0]    EPSTALL_UEP9_bit
0x0F79       [0]    EPINEN_UEP9_bit
0x0F79       [0]    EPOUTEN_UEP9_bit
0x0F7A       [1]    UEP10
0x0F7A       [0]    EPSTALL_UEP10_bit
0x0F7A       [0]    EPINEN_UEP10_bit
0x0F7A       [0]    EPOUTEN_UEP10_bit
0x0F7A       [0]    EPHSHK_UEP10_bit
0x0F7A       [0]    EPCONDIS_UEP10_bit
0x0F7B       [0]    EPOUTEN_UEP11_bit
0x0F7B       [0]    EPCONDIS_UEP11_bit
0x0F7B       [1]    UEP11
0x0F7B       [0]    EPHSHK_UEP11_bit
0x0F7B       [0]    EPSTALL_UEP11_bit
0x0F7B       [0]    EPINEN_UEP11_bit
0x0F7C       [1]    UEP12
0x0F7C       [0]    EPSTALL_UEP12_bit
0x0F7C       [0]    EPCONDIS_UEP12_bit
0x0F7C       [0]    EPHSHK_UEP12_bit
0x0F7C       [0]    EPINEN_UEP12_bit
0x0F7C       [0]    EPOUTEN_UEP12_bit
0x0F7D       [1]    UEP13
0x0F7D       [0]    EPINEN_UEP13_bit
0x0F7D       [0]    EPSTALL_UEP13_bit
0x0F7D       [0]    EPOUTEN_UEP13_bit
0x0F7D       [0]    EPHSHK_UEP13_bit
0x0F7D       [0]    EPCONDIS_UEP13_bit
0x0F7E       [0]    EPCONDIS_UEP14_bit
0x0F7E       [0]    EPSTALL_UEP14_bit
0x0F7E       [0]    EPHSHK_UEP14_bit
0x0F7E       [1]    UEP14
0x0F7E       [0]    EPINEN_UEP14_bit
0x0F7E       [0]    EPOUTEN_UEP14_bit
0x0F7F       [0]    EPCONDIS_UEP15_bit
0x0F7F       [0]    EPOUTEN_UEP15_bit
0x0F7F       [1]    UEP15
0x0F7F       [0]    EPHSHK_UEP15_bit
0x0F7F       [0]    EPSTALL_UEP15_bit
0x0F7F       [0]    EPINEN_UEP15_bit
0x0F80       [0]    RA4_bit
0x0F80       [0]    OSC2_bit
0x0F80       [1]    PORTA
0x0F80       [0]    T0CKI_bit
0x0F80       [0]    RA2_bit
0x0F80       [0]    AN4_bit
0x0F80       [0]    LVDIN_bit
0x0F80       [0]    VREFP_bit
0x0F80       [0]    RA0_bit
0x0F80       [0]    HLVDIN_bit
0x0F80       [0]    RA3_bit
0x0F80       [0]    VREFM_bit
0x0F80       [0]    AN1_bit
0x0F80       [0]    RA1_bit
0x0F80       [0]    AN0_bit
0x0F80       [0]    RA6_bit
0x0F80       [0]    RA5_bit
0x0F80       [0]    AN3_bit
0x0F80       [0]    AN2_bit
0x0F81       [0]    RB6_bit
0x0F81       [0]    INT0_bit
0x0F81       [0]    RB2_bit
0x0F81       [0]    RB3_bit
0x0F81       [1]    PORTB
0x0F81       [0]    INT2_bit
0x0F81       [0]    INT1_bit
0x0F81       [0]    RB5_bit
0x0F81       [0]    PGD_bit
0x0F81       [0]    RB4_bit
0x0F81       [0]    RB0_bit
0x0F81       [0]    RB1_bit
0x0F81       [0]    RB7_bit
0x0F81       [0]    PGM_bit
0x0F81       [0]    PGC_bit
0x0F82       [0]    CCP1_bit
0x0F82       [0]    P1A_bit
0x0F82       [0]    CK_bit
0x0F82       [0]    T13CKI_bit
0x0F82       [0]    TX_bit
0x0F82       [0]    RX__bit
0x0F82       [0]    T1OSI_bit
0x0F82       [0]    RC4_bit
0x0F82       [0]    RC2_bit
0x0F82       [0]    RC5_bit
0x0F82       [0]    RC7_bit
0x0F82       [0]    RC6_bit
0x0F82       [0]    RC1_bit
0x0F82       [1]    PORTC
0x0F82       [0]    RC0_bit
0x0F82       [0]    T1OSO_bit
0x0F84       [1]    PORTE
0x0F84       [0]    RE3_bit
0x0F89       [1]    LATA
0x0F89       [0]    LATA4_bit
0x0F89       [0]    LATA6_bit
0x0F89       [0]    LATA5_bit
0x0F89       [0]    LATA1_bit
0x0F89       [0]    LATA0_bit
0x0F89       [0]    LATA3_bit
0x0F89       [0]    LATA2_bit
0x0F8A       [0]    LATB3_bit
0x0F8A       [0]    LATB4_bit
0x0F8A       [0]    LATB2_bit
0x0F8A       [0]    LATB0_bit
0x0F8A       [0]    LATB1_bit
0x0F8A       [1]    LATB
0x0F8A       [0]    LATB6_bit
0x0F8A       [0]    LATB7_bit
0x0F8A       [0]    LATB5_bit
0x0F8B       [0]    LATC0_bit
0x0F8B       [0]    LATC7_bit
0x0F8B       [0]    LATC6_bit
0x0F8B       [0]    LATC2_bit
0x0F8B       [0]    LATC1_bit
0x0F8B       [1]    LATC
0x0F92       [0]    TRISA6_bit
0x0F92       [0]    TRISA5_bit
0x0F92       [0]    TRISA3_bit
0x0F92       [0]    TRISA1_bit
0x0F92       [0]    TRISA4_bit
0x0F92       [0]    TRISA2_bit
0x0F92       [1]    TRISA
0x0F92       [0]    TRISA0_bit
0x0F93       [0]    TRISB0_bit
0x0F93       [0]    TRISB4_bit
0x0F93       [0]    TRISB5_bit
0x0F93       [0]    TRISB7_bit
0x0F93       [0]    TRISB6_bit
0x0F93       [1]    TRISB
0x0F93       [0]    TRISB3_bit
0x0F93       [0]    TRISB1_bit
0x0F93       [0]    TRISB2_bit
0x0F94       [0]    TRISC7_bit
0x0F94       [0]    TRISC1_bit
0x0F94       [0]    TRISC6_bit
0x0F94       [0]    TRISC0_bit
0x0F94       [1]    TRISC
0x0F94       [0]    TRISC2_bit
0x0F9B       [0]    TUN3_bit
0x0F9B       [0]    TUN2_bit
0x0F9B       [0]    TUN0_bit
0x0F9B       [0]    INTSRC_bit
0x0F9B       [0]    TUN4_bit
0x0F9B       [1]    OSCTUNE
0x0F9B       [0]    TUN1_bit
0x0F9D       [0]    TMR2IE_bit
0x0F9D       [0]    RCIE_bit
0x0F9D       [0]    ADIE_bit
0x0F9D       [0]    TXIE_bit
0x0F9D       [0]    CCP1IE_bit
0x0F9D       [0]    SSPIE_bit
0x0F9D       [1]    PIE1
0x0F9D       [0]    TMR1IE_bit
0x0F9E       [0]    CCP1IF_bit
0x0F9E       [0]    TMR2IF_bit
0x0F9E       [0]    TMR1IF_bit
0x0F9E       [0]    SSPIF_bit
0x0F9E       [0]    ADIF_bit
0x0F9E       [0]    RCIF_bit
0x0F9E       [0]    TXIF_bit
0x0F9E       [1]    PIR1
0x0F9F       [0]    SSPIP_bit
0x0F9F       [1]    IPR1
0x0F9F       [0]    TXIP_bit
0x0F9F       [0]    TMR1IP_bit
0x0F9F       [0]    TMR2IP_bit
0x0F9F       [0]    CCP1IP_bit
0x0F9F       [0]    ADIP_bit
0x0F9F       [0]    RCIP_bit
0x0FA0       [0]    TMR3IE_bit
0x0FA0       [0]    BCLIE_bit
0x0FA0       [0]    HLVDIE_bit
0x0FA0       [0]    EEIE_bit
0x0FA0       [0]    CCP2IE_bit
0x0FA0       [0]    OSCFIE_bit
0x0FA0       [0]    USBIE_bit
0x0FA0       [0]    LVDIE_bit
0x0FA0       [1]    PIE2
0x0FA0       [0]    CMIE_bit
0x0FA1       [0]    USBIF_bit
0x0FA1       [0]    TMR3IF_bit
0x0FA1       [0]    HLVDIF_bit
0x0FA1       [0]    EEIF_bit
0x0FA1       [0]    CCP2IF_bit
0x0FA1       [0]    BCLIF_bit
0x0FA1       [0]    OSCFIF_bit
0x0FA1       [0]    LVDIF_bit
0x0FA1       [0]    CMIF_bit
0x0FA1       [1]    PIR2
0x0FA2       [0]    USBIP_bit
0x0FA2       [0]    TMR3IP_bit
0x0FA2       [0]    BCLIP_bit
0x0FA2       [0]    EEIP_bit
0x0FA2       [0]    HLVDIP_bit
0x0FA2       [0]    CMIP_bit
0x0FA2       [0]    LVDIP_bit
0x0FA2       [0]    CCP2IP_bit
0x0FA2       [0]    OSCFIP_bit
0x0FA2       [1]    IPR2
0x0FA6       [0]    FREE_bit
0x0FA6       [0]    RD_bit
0x0FA6       [0]    WR_bit
0x0FA6       [0]    WRERR_bit
0x0FA6       [0]    WREN_bit
0x0FA6       [0]    EEPGD_bit
0x0FA6       [1]    EECON1
0x0FA6       [0]    CFGS_bit
0x0FA7       [1]    EECON2
0x0FA8       [1]    EEDATA
0x0FA9       [1]    EEADR
0x0FAB       [0]    ADEN_bit
0x0FAB       [0]    OERR_bit
0x0FAB       [0]    FERR_bit
0x0FAB       [0]    CREN_bit
0x0FAB       [0]    ADDEN_bit
0x0FAB       [0]    SREN_bit
0x0FAB       [1]    RCSTA
0x0FAB       [0]    SPEN_bit
0x0FAB       [0]    RX9_bit
0x0FAB       [0]    RX9D_bit
0x0FAC       [0]    TXEN_bit
0x0FAC       [0]    TX9_bit
0x0FAC       [1]    TXSTA
0x0FAC       [0]    SYNC_bit
0x0FAC       [0]    SENDB_bit
0x0FAC       [0]    TRMT_bit
0x0FAC       [0]    TX9D_bit
0x0FAC       [0]    BRGH_bit
0x0FAC       [0]    CSRC_bit
0x0FAD       [1]    TXREG
0x0FAE       [1]    RCREG
0x0FAF       [1]    SPBRG
0x0FB0       [1]    SPBRGH
0x0FB1       [0]    TMR3CS_bit
0x0FB1       [0]    TMR3ON_bit
0x0FB1       [0]    NOT_T3SYNC_bit
0x0FB1       [0]    T3SYNC_bit
0x0FB1       [1]    T3CON
0x0FB1       [0]    RD16_bit
0x0FB1       [0]    T3CKPS0_bit
0x0FB1       [0]    T3CKPS1_bit
0x0FB1       [0]    T3NSYNC_bit
0x0FB1       [0]    T3CCP2_bit
0x0FB1       [0]    T3CCP1_bit
0x0FB2       [1]    TMR3L
0x0FB3       [1]    TMR3H
0x0FB4       [0]    CM2_bit
0x0FB4       [0]    CM1_bit
0x0FB4       [0]    C1OUT_bit
0x0FB4       [0]    C2INV_bit
0x0FB4       [0]    C1INV_bit
0x0FB4       [0]    CM0_bit
0x0FB4       [0]    CIS_bit
0x0FB4       [0]    C2OUT_bit
0x0FB4       [1]    CMCON
0x0FB5       [0]    CVR1_bit
0x0FB5       [0]    CVR0_bit
0x0FB5       [0]    CVR2_bit
0x0FB5       [0]    CVREF_bit
0x0FB5       [0]    CVR3_bit
0x0FB5       [0]    CVREN_bit
0x0FB5       [1]    CVRCON
0x0FB5       [0]    CVRR_bit
0x0FB5       [0]    CVRSS_bit
0x0FB5       [0]    CVROE_bit
0x0FB6       [0]    PSSAC0_bit
0x0FB6       [0]    PSSAC1_bit
0x0FB6       [0]    ECCPAS1_bit
0x0FB6       [0]    ECCPAS0_bit
0x0FB6       [0]    ECCPASE_bit
0x0FB6       [1]    CCP1AS
0x0FB6       [0]    ECCPAS2_bit
0x0FB6       [1]    ECCP1AS
0x0FB7       [0]    PRSEN_bit
0x0FB7       [1]    ECCP1DEL
0x0FB7       [1]    CCP1DEL
0x0FB8       [1]    BAUDCTL
0x0FB8       [0]    TXCKP_bit
0x0FB8       [0]    RXDTP_bit
0x0FB8       [0]    SCKP_bit
0x0FB8       [0]    RCMT_bit
0x0FB8       [0]    RCIDL_bit
0x0FB8       [0]    ABDOVF_bit
0x0FB8       [1]    BAUDCON
0x0FB8       [0]    WUE_bit
0x0FB8       [0]    BRG16_bit
0x0FB8       [0]    ABDEN_bit
0x0FBA       [1]    CCP2CON
0x0FBA       [0]    CCP2M1_bit
0x0FBA       [0]    DC2B1_bit
0x0FBA       [0]    CCP2M3_bit
0x0FBA       [0]    CCP2M0_bit
0x0FBA       [0]    DC2B0_bit
0x0FBA       [0]    CCP2M2_bit
0x0FBB       [1]    CCPR2L
0x0FBB       [2]    CCPR2
0x0FBC       [1]    CCPR2H
0x0FBD       [0]    DC1B1_bit
0x0FBD       [1]    CCP1CON
0x0FBD       [0]    CCP1M1_bit
0x0FBD       [0]    CCP1M2_bit
0x0FBD       [0]    DC1B0_bit
0x0FBD       [0]    CCP1M0_bit
0x0FBD       [0]    CCP1M3_bit
0x0FBE       [2]    CCPR1
0x0FBE       [1]    CCPR1L
0x0FBF       [1]    CCPR1H
0x0FC0       [0]    ADFM_bit
0x0FC0       [1]    ADCON2
0x0FC0       [0]    ADCS0_bit
0x0FC0       [0]    ACQT0_bit
0x0FC0       [0]    ADCS1_bit
0x0FC0       [0]    ADCS2_bit
0x0FC0       [0]    ACQT2_bit
0x0FC0       [0]    ACQT1_bit
0x0FC1       [1]    ADCON1
0x0FC1       [0]    PCFG3_bit
0x0FC1       [0]    PCFG1_bit
0x0FC1       [0]    PCFG2_bit
0x0FC1       [0]    VCFG1_bit
0x0FC1       [0]    PCFG0_bit
0x0FC1       [0]    VCFG0_bit
0x0FC2       [0]    DONE_bit
0x0FC2       [0]    CHS3_bit
0x0FC2       [0]    CHS2_bit
0x0FC2       [0]    ADON_bit
0x0FC2       [0]    CHS1_bit
0x0FC2       [0]    NOT_DONE_bit
0x0FC2       [0]    GO_bit
0x0FC2       [0]    GO_DONE_bit
0x0FC2       [0]    CHS0_bit
0x0FC2       [0]    GO_NOT_DONE_bit
0x0FC2       [1]    ADCON0
0x0FC3       [1]    ADRESL
0x0FC3       [2]    ADRES
0x0FC4       [1]    ADRESH
0x0FC5       [0]    RCEN_bit
0x0FC5       [1]    SSPCON2
0x0FC5       [0]    GCEN_bit
0x0FC5       [0]    SEN_bit
0x0FC5       [0]    ACKSTAT_bit
0x0FC5       [0]    ACKDT_bit
0x0FC5       [0]    ACKEN_bit
0x0FC5       [0]    PEN_bit
0x0FC5       [0]    RSEN_bit
0x0FC6       [0]    CKP_bit
0x0FC6       [0]    SSPOV_bit
0x0FC6       [0]    SSPM1_bit
0x0FC6       [0]    WCOL_bit
0x0FC6       [0]    SSPM0_bit
0x0FC6       [1]    SSPCON1
0x0FC6       [0]    SSPM3_bit
0x0FC6       [0]    SSPEN_bit
0x0FC6       [0]    SSPM2_bit
0x0FC7       [1]    SSPSTAT
0x0FC7       [0]    I2C_STOP__bit
0x0FC7       [0]    I2C_DAT_bit
0x0FC7       [0]    NOT_W_bit
0x0FC7       [0]    I2C_START__bit
0x0FC7       [0]    R_W_bit
0x0FC7       [0]    D_A_bit
0x0FC7       [0]    I2C_READ_bit
0x0FC7       [0]    DATA_ADDRESS_bit
0x0FC7       [0]    R_bit
0x0FC7       [0]    D_bit
0x0FC7       [0]    READ_WRITE_bit
0x0FC7       [0]    NOT_A_bit
0x0FC7       [0]    NOT_WRITE_bit
0x0FC7       [0]    NOT_ADDRESS_bit
0x0FC7       [0]    S_bit
0x0FC7       [0]    P_bit
0x0FC7       [0]    D_NOT_A_bit
0x0FC7       [0]    BF_bit
0x0FC7       [0]    UA_bit
0x0FC7       [0]    R_NOT_W_bit
0x0FC7       [0]    CKE_bit
0x0FC7       [0]    SMP_bit
0x0FC8       [1]    SSPADD
0x0FC9       [1]    SSPBUF
0x0FCA       [0]    T2OUTPS2_bit
0x0FCA       [0]    TOUTPS1_bit
0x0FCA       [0]    T2CKPS1_bit
0x0FCA       [0]    T2OUTPS3_bit
0x0FCA       [0]    TOUTPS2_bit
0x0FCA       [0]    TOUTPS0_bit
0x0FCA       [0]    TOUTPS3_bit
0x0FCA       [0]    T2OUTPS1_bit
0x0FCA       [0]    T2OUTPS0_bit
0x0FCA       [0]    T2CKPS0_bit
0x0FCA       [1]    T2CON
0x0FCA       [0]    TMR2ON_bit
0x0FCB       [1]    PR2
0x0FCC       [1]    TMR2
0x0FCD       [0]    TMR1CS_bit
0x0FCD       [0]    T1OSCEN_bit
0x0FCD       [0]    NOT_T1SYNC_bit
0x0FCD       [0]    T1CKPS0_bit
0x0FCD       [0]    T1CKPS1_bit
0x0FCD       [0]    T1SYNC_bit
0x0FCD       [0]    T1RUN_bit
0x0FCD       [0]    RD16_T1CON_bit
0x0FCD       [1]    T1CON
0x0FCD       [0]    TMR1ON_bit
0x0FCE       [1]    TMR1L
0x0FCF       [1]    TMR1H
0x0FD0       [0]    BOR_bit
0x0FD0       [0]    POR_bit
0x0FD0       [0]    SBOREN_bit
0x0FD0       [0]    IPEN_bit
0x0FD0       [0]    RI_bit
0x0FD0       [0]    NOT_IPEN_bit
0x0FD0       [0]    PD_bit
0x0FD0       [0]    TO__bit
0x0FD0       [0]    NOT_RI_bit
0x0FD0       [0]    NOT_BOR_bit
0x0FD0       [1]    RCON
0x0FD0       [0]    NOT_POR_bit
0x0FD0       [0]    NOT_TO_bit
0x0FD0       [0]    NOT_PD_bit
0x0FD1       [1]    WDTCON
0x0FD1       [0]    SWDTE_bit
0x0FD1       [0]    SWDTEN_bit
0x0FD2       [1]    LVDCON
0x0FD2       [1]    HLVDCON
0x0FD2       [0]    LVDEN_bit
0x0FD2       [0]    IVRST_bit
0x0FD2       [0]    LVDL2_bit
0x0FD2       [0]    LVDL3_bit
0x0FD2       [0]    LVV0_bit
0x0FD2       [0]    LVV3_bit
0x0FD2       [0]    BGST_bit
0x0FD2       [0]    LVV1_bit
0x0FD2       [0]    LVV2_bit
0x0FD2       [0]    VDIRMAG_bit
0x0FD2       [0]    HLVDL0_bit
0x0FD2       [0]    HLVDEN_bit
0x0FD2       [0]    IRVST_bit
0x0FD2       [0]    HLVDL1_bit
0x0FD2       [0]    LVDL0_bit
0x0FD2       [0]    LVDL1_bit
0x0FD2       [0]    HLVDL2_bit
0x0FD2       [0]    HLVDL3_bit
0x0FD3       [0]    IRCF0_bit
0x0FD3       [0]    FLTS_bit
0x0FD3       [0]    IRCF1_bit
0x0FD3       [0]    IRCF2_bit
0x0FD3       [1]    OSCCON
0x0FD3       [0]    OSTS_bit
0x0FD3       [0]    IOFS_bit
0x0FD3       [0]    IDLEN_bit
0x0FD3       [0]    SCS0_bit
0x0FD3       [0]    SCS1_bit
0x0FD5       [0]    TMR0ON_bit
0x0FD5       [0]    T08BIT_bit
0x0FD5       [0]    T0PS2_bit
0x0FD5       [0]    T0PS0_bit
0x0FD5       [0]    T0PS1_bit
0x0FD5       [0]    T0CS_bit
0x0FD5       [1]    T0CON
0x0FD5       [0]    PSA_bit
0x0FD5       [0]    T0SE_bit
0x0FD6       [1]    TMR0L
0x0FD7       [1]    TMR0H
0x0FD8       [0]    N_bit
0x0FD8       [0]    OV_bit
0x0FD8       [0]    DC_bit
0x0FD8       [0]    C_bit
0x0FD8       [0]    Z_bit
0x0FD8       [1]    STATUS
0x0FD9       [1]    FSR2L
0x0FD9       [2]    FSR2
0x0FD9       [2]    FSR2PTR
0x0FDA       [1]    FSR2H
0x0FDB       [1]    PLUSW2
0x0FDC       [1]    PREINC2
0x0FDD       [1]    POSTDEC2
0x0FDE       [1]    POSTINC2
0x0FDF       [1]    INDF2
0x0FE0       [1]    BSR
0x0FE1       [2]    FSR1PTR
0x0FE1       [1]    FSR1L
0x0FE1       [2]    FSR1
0x0FE2       [1]    FSR1H
0x0FE3       [1]    PLUSW1
0x0FE4       [1]    PREINC1
0x0FE5       [1]    POSTDEC1
0x0FE6       [1]    POSTINC1
0x0FE7       [1]    INDF1
0x0FE8       [1]    WREG
0x0FE9       [1]    FSR0L
0x0FE9       [2]    FSR0
0x0FE9       [2]    FSR0PTR
0x0FEA       [1]    FSR0H
0x0FEB       [1]    PLUSW0
0x0FEC       [1]    PREINC0
0x0FED       [1]    POSTDEC0
0x0FEE       [1]    POSTINC0
0x0FEF       [1]    INDF0
0x0FF0       [0]    INT2F_bit
0x0FF0       [0]    INT2IF_bit
0x0FF0       [0]    INT1IE_bit
0x0FF0       [0]    INT2IE_bit
0x0FF0       [0]    INT1IP_bit
0x0FF0       [0]    INT1F_bit
0x0FF0       [0]    INT2IP_bit
0x0FF0       [0]    INT1E_bit
0x0FF0       [0]    INT1P_bit
0x0FF0       [0]    INT2E_bit
0x0FF0       [0]    INT1IF_bit
0x0FF0       [0]    INT2P_bit
0x0FF0       [1]    INTCON3
0x0FF1       [0]    RBPU_bit
0x0FF1       [0]    T0IP_bit
0x0FF1       [1]    INTCON2
0x0FF1       [0]    TMR0IP_bit
0x0FF1       [0]    RBIP_bit
0x0FF1       [0]    INTEDG2_bit
0x0FF1       [0]    NOT_RBPU_bit
0x0FF1       [0]    INTEDG0_bit
0x0FF1       [0]    INTEDG1_bit
0x0FF2       [0]    GIE_bit
0x0FF2       [0]    PEIE_bit
0x0FF2       [0]    GIEH_bit
0x0FF2       [0]    GIEL_bit
0x0FF2       [0]    T0IE_bit
0x0FF2       [0]    INT0F_bit
0x0FF2       [0]    GIE_GIEH_bit
0x0FF2       [0]    INT0E_bit
0x0FF2       [0]    T0IF_bit
0x0FF2       [0]    INT0IE_bit
0x0FF2       [0]    RBIE_bit
0x0FF2       [0]    PEIE_GIEL_bit
0x0FF2       [0]    TMR0IE_bit
0x0FF2       [0]    INT0IF_bit
0x0FF2       [0]    RBIF_bit
0x0FF2       [1]    INTCON
0x0FF2       [0]    TMR0IF_bit
0x0FF3       [2]    PROD
0x0FF3       [1]    PRODL
0x0FF4       [1]    PRODH
0x0FF5       [1]    TABLAT
0x0FF6       [1]    TBLPTRL
0x0FF6       [3]    TBLPTR
0x0FF7       [1]    TBLPTRH
0x0FF8       [1]    TBLPTRU
0x0FF9       [1]    PCL
0x0FF9       [1]    PC
0x0FFA       [1]    PCLATH
0x0FFB       [0]    PCU2_bit
0x0FFB       [0]    PCU3_bit
0x0FFB       [0]    PCU4_bit
0x0FFB       [0]    PCU0_bit
0x0FFB       [1]    PCLATU
0x0FFB       [0]    PCU1_bit
0x0FFC       [0]    STKUNF_bit
0x0FFC       [0]    STKFUL_bit
0x0FFC       [0]    STKOVF_bit
0x0FFC       [1]    STKPTR
0x0FFC       [0]    STKPTR1_bit
0x0FFC       [0]    STKPTR2_bit
0x0FFC       [0]    STKPTR3_bit
0x0FFC       [0]    STKPTR0_bit
0x0FFC       [0]    STKPTR4_bit
0x0FFD       [1]    TOSL
0x0FFE       [1]    TOSH
0x0FFF       [1]    TOSU
//** Constants locations ** 
//ADDRESS    SIZE    CONSTANT
//----------------------------------------------
0x01D6       [1]    ?ICS_DUTY_R
0x01D7       [2]    ?ICS_Low_Time_R
0x01D9       [2]    ?ICS_Low_Time_L
0x01DB       [2]    ?ICS_Low_Time
0x01DD       [1]    ?ICS_DUTY_L
0x01DE       [2]    ?ICS_Low_Time_VER
0x01E0       [5]    ?ICS_Received_Data
0x01E5       [1]    ?ICS_DUTY_VER
0x01E6       [1]    ?ICS_DUTY_A
0x01E7       [1]    ?ICS_DUTY_G
//** Label List: ** 
//----------------------------------------------
  L_interrupt0
  L_interrupt1
  L_interrupt2
  L_interrupt3
  L_interrupt4
  L_interrupt5
  L_interrupt6
  L_Init_Motors7
  L_Init_Motors8
  L_Init_Motors9
  L_Init_Motors10
  L_Init_Motors11
  L_Motors_Signal12
  L_Motors_Signal13
  L_Motors_Signal14
  L_Motors_Signal15
  L_Motors_Signal16
  L_Motors_Signal17
  L_Init18
  L_main19
  L_main20
  _interrupt
  L__interrupt21
  L__interrupt22
  L__interrupt23
  L__interrupt24
  _Init_Motors
  _Motors_Signal
  L__Motors_Signal25
  L__Motors_Signal26
  L__Motors_Signal27
  _InitTimer0
  _Init
  _main
  L_Delay_1us0
  L_Delay_10us1
  L_Delay_22us2
  L_Delay_50us3
  L_Delay_80us4
  L_Delay_500us5
  L_Delay_5500us6
  L_Delay_1ms7
  L_Delay_5ms8
  L_Delay_8ms9
  L_Delay_100ms10
  L_Delay_10ms11
  L_Delay_1sec12
  L____Boot_Delay4k13
  L____Boot_Delay8k14
  L____Boot_Delay12k15
  L____Boot_Delay16k16
  L____Boot_Delay24k17
  L____Boot_Delay32k18
  L____Boot_Delay48k19
  L____Boot_Delay64k20
  L____Boot_Delay128k21
  L_Delay_Cyc22
  L_Delay_Cyc23
  L_VDelay_ms24
  L_VDelay_ms25
  L_VDelay_ms26
  L_VDelay_Advanced_ms27
  L_VDelay_Advanced_ms28
  L_VDelay_Advanced_ms29
  _Get_Fosc_kHz
  _Delay_1us
  _Delay_10us
  _Delay_22us
  _Delay_50us
  _Delay_80us
  _Delay_500us
  _Delay_5500us
  _Delay_1ms
  _Delay_5ms
  _Delay_8ms
  _Delay_100ms
  _Delay_10ms
  _Delay_1sec
  ____Boot_Delay4k
  ____Boot_Delay8k
  ____Boot_Delay12k
  ____Boot_Delay16k
  ____Boot_Delay24k
  ____Boot_Delay32k
  ____Boot_Delay48k
  ____Boot_Delay64k
  ____Boot_Delay128k
  _Delay_Cyc
  _VDelay_ms
  L__VDelay_ms30
  L__VDelay_ms31
  L__VDelay_ms32
  _VDelay_Advanced_ms
  L__VDelay_Advanced_ms33
  L__VDelay_Advanced_ms34
  L__VDelay_Advanced_ms35
  _CC2D_Loop1
  _CC2DL_Loop1
  L_loopCA2AWs
  L_loopCCA2AWs
  L_loopCS2Ss
  L_CS2Send
  L_loopCCS2Ss
  L_CCS2Send
  L_loopFZinSWs
  L_longjmp7
  L_end___CC2D
  ___CC2D
  L_end___CC2DW
  ___CC2DW
  L_end___CA2AW
  ___CA2AW
  L_end___CCA2AW
  ___CCA2AW
  L_end___CS2S
  ___CS2S
  L_end___CCS2S
  ___CCS2S
  L_end___FZinS
  ___FZinS
  L_end_____DoIFC
  _____DoIFC
  L_end_Swap
  _Swap
  L_end_setjmp
  _setjmp
  L_end_longjmp
  _longjmp
  L_UART1_Init0
  L_UART1_Init1
  L_UART1_Read2
  L_UART1_Write3
  L_UART1_Write4
  L_UART1_Write_Text5
  L_UART1_Write_Text6
  L_UART1_Read_Text7
  L_UART1_Read_Text8
  L_UART1_Read_Text9
  L_UART1_Read_Text10
  L_UART1_Read_Text11
  L_UART1_Read_Text12
  L_UART1_Read_Text13
  L_UART1_Read_Text14
  L_UART1_Read_Text15
  L_UART_Write_Text16
  L_UART_Write_Text17
  L_UART_Read_Text18
  L_UART_Read_Text19
  L_UART_Read_Text20
  L_UART_Read_Text21
  L_UART_Read_Text22
  L_UART_Read_Text23
  L_UART_Read_Text24
  L_UART_Read_Text25
  L_UART_Read_Text26
  L_end_UART1_Init
  _UART1_Init
  L_end_UART1_Data_Ready
  _UART1_Data_Ready
  L_end_UART1_Read
  _UART1_Read
  L_end_UART1_Tx_Idle
  _UART1_Tx_Idle
  L_end_UART1_Write
  _UART1_Write
  L_end_UART1_Write_Text
  _UART1_Write_Text
  L_end_UART1_Read_Text
  _UART1_Read_Text
  L_end_UART_Set_Active
  _UART_Set_Active
  L_end_UART_Write
  _UART_Write
  L_end_UART_Write_Text
  _UART_Write_Text
  L_end_UART_Read
  _UART_Read
  L_end_UART_Data_Ready
  _UART_Data_Ready
  L_end_UART_Read_Text
  _UART_Read_Text
  L_end_UART_Tx_Idle
  _UART_Tx_Idle
  L_interrupt0
  L_interrupt1
  L_interrupt2
  L_interrupt3
  L_interrupt4
  L_interrupt5
  L_interrupt6
  L_Init_Motors7
  L_Init_Motors8
  L_Init_Motors9
  L_Init_Motors10
  L_Init_Motors11
  L_Motors_Signal12
  L_Motors_Signal13
  L_Motors_Signal14
  L_Motors_Signal15
  L_Motors_Signal16
  L_Motors_Signal17
  L_Init18
  L_main19
  L_main20
  _interrupt
  L__interrupt21
  L__interrupt22
  L__interrupt23
  L__interrupt24
  _Init_Motors
  _Motors_Signal
  L__Motors_Signal25
  L__Motors_Signal26
  L__Motors_Signal27
  _InitTimer0
  _Init
  _main
