;  LST file generated by mikroListExporter - v.2.0 
; Date/Time: 11-02-2015 14:54:15
;----------------------------------------------

;Address Opcode 	ASM
0x0000	0x293B      	GOTO       315
_Interrupt:
0x0004	0x00FF      	MOVWF      R15
0x0005	0x0E03      	SWAPF      STATUS, 0
0x0006	0x0183      	CLRF       STATUS
0x0007	0x00B3      	MOVWF      ___saveSTATUS
0x0008	0x080A      	MOVF       PCLATH, 0
0x0009	0x00B4      	MOVWF      ___savePCLATH
0x000A	0x018A      	CLRF       PCLATH
0x000B	0x0870      	MOVF       R0, 0
0x000C	0x00A2      	MOVWF      34
0x000D	0x0871      	MOVF       R1, 0
0x000E	0x00A1      	MOVWF      33
0x000F	0x0872      	MOVF       R2, 0
0x0010	0x00A0      	MOVWF      32
0x0011	0x0804      	MOVF       FSR, 0
0x0012	0x00A3      	MOVWF      35
;MyProject.c,12 :: 		void Interrupt(){
;MyProject.c,13 :: 		if(INTF_bit){    //External Interrupt occurred
0x0013	0x1C8B      	BTFSS      INTF_bit, 1
0x0014	0x2819      	GOTO       L_Interrupt0
;MyProject.c,14 :: 		INTCON = 0;      //Disable all interrupts
0x0015	0x018B      	CLRF       INTCON
;MyProject.c,15 :: 		PORTB.F2 = 0;
0x0016	0x1106      	BCF        PORTB, 2
;MyProject.c,16 :: 		PORTD = 0;
0x0017	0x0188      	CLRF       PORTD
;MyProject.c,17 :: 		PWM1_Stop();
0x0018	0x20EB      	CALL       _PWM1_Stop
;MyProject.c,18 :: 		}
L_Interrupt0:
;MyProject.c,19 :: 		if (TMR1IF_bit){        //Timer1 Interrupt occurred
0x0019	0x1C0C      	BTFSS      TMR1IF_bit, 0
0x001A	0x2845      	GOTO       L_Interrupt1
;MyProject.c,20 :: 		TMR1IF_bit = 0;
0x001B	0x100C      	BCF        TMR1IF_bit, 0
;MyProject.c,21 :: 		TMR1H         = 0x6D;
0x001C	0x306D      	MOVLW      109
0x001D	0x008F      	MOVWF      TMR1H
;MyProject.c,22 :: 		TMR1L         = 0x84;
0x001E	0x3084      	MOVLW      132
0x001F	0x008E      	MOVWF      TMR1L
;MyProject.c,23 :: 		dt = ADC_Read(0);   //Read analog value
0x0020	0x01B9      	CLRF       FARG_ADC_Read_channel
0x0021	0x20C7      	CALL       _ADC_Read
0x0022	0x0870      	MOVF       R0, 0
0x0023	0x1283      	BCF        STATUS, 5
0x0024	0x00AC      	MOVWF      _dt
0x0025	0x0871      	MOVF       R0+1, 0
0x0026	0x00AD      	MOVWF      _dt+1
;MyProject.c,24 :: 		if (dt != dt0) {
0x0027	0x0871      	MOVF       R0+1, 0
0x0028	0x0630      	XORWF      _dt0+1, 0
0x0029	0x1D03      	BTFSS      STATUS, 2
0x002A	0x282D      	GOTO       L__Interrupt12
0x002B	0x082F      	MOVF       _dt0, 0
0x002C	0x0670      	XORWF      R0, 0
L__Interrupt12:
0x002D	0x1903      	BTFSC      STATUS, 2
0x002E	0x2845      	GOTO       L_Interrupt2
;MyProject.c,25 :: 		dt0 = dt;
0x002F	0x082C      	MOVF       _dt, 0
0x0030	0x00AF      	MOVWF      _dt0
0x0031	0x082D      	MOVF       _dt+1, 0
0x0032	0x00B0      	MOVWF      _dt0+1
;MyProject.c,26 :: 		dt0 = dt0 >> 2;
0x0033	0x082C      	MOVF       _dt, 0
0x0034	0x00F0      	MOVWF      R0
0x0035	0x082D      	MOVF       _dt+1, 0
0x0036	0x00F1      	MOVWF      R0+1
0x0037	0x0CF1      	RRF        R0+1, 1
0x0038	0x0CF0      	RRF        R0, 1
0x0039	0x13F1      	BCF        R0+1, 7
0x003A	0x0CF1      	RRF        R0+1, 1
0x003B	0x0CF0      	RRF        R0, 1
0x003C	0x13F1      	BCF        R0+1, 7
0x003D	0x0870      	MOVF       R0, 0
0x003E	0x00AF      	MOVWF      _dt0
0x003F	0x0871      	MOVF       R0+1, 0
0x0040	0x00B0      	MOVWF      _dt0+1
;MyProject.c,27 :: 		PWM1_Set_Duty(dt0);
0x0041	0x0870      	MOVF       R0, 0
0x0042	0x00B9      	MOVWF      FARG_PWM1_Set_Duty_new_duty
0x0043	0x20F3      	CALL       _PWM1_Set_Duty
;MyProject.c,28 :: 		PWM1_Start(); }
0x0044	0x20B0      	CALL       _PWM1_Start
L_Interrupt2:
;MyProject.c,29 :: 		}
L_Interrupt1:
;MyProject.c,30 :: 		if (RBIF_bit){      //Pin change Interrupt occurred
0x0045	0x1C0B      	BTFSS      RBIF_bit, 0
0x0046	0x2860      	GOTO       L_Interrupt3
;MyProject.c,31 :: 		RBIF_bit = 0;
0x0047	0x100B      	BCF        RBIF_bit, 0
;MyProject.c,32 :: 		hall = PORTB;
0x0048	0x0806      	MOVF       PORTB, 0
0x0049	0x00AE      	MOVWF      _hall
;MyProject.c,33 :: 		hall = hall & 112;
0x004A	0x3070      	MOVLW      112
0x004B	0x052E      	ANDWF      _hall, 0
0x004C	0x00F2      	MOVWF      R2
0x004D	0x0872      	MOVF       R2, 0
0x004E	0x00AE      	MOVWF      _hall
;MyProject.c,34 :: 		hall = hall >> 4;
0x004F	0x0872      	MOVF       R2, 0
0x0050	0x00F0      	MOVWF      R0
0x0051	0x0CF0      	RRF        R0, 1
0x0052	0x13F0      	BCF        R0, 7
0x0053	0x0CF0      	RRF        R0, 1
0x0054	0x13F0      	BCF        R0, 7
0x0055	0x0CF0      	RRF        R0, 1
0x0056	0x13F0      	BCF        R0, 7
0x0057	0x0CF0      	RRF        R0, 1
0x0058	0x13F0      	BCF        R0, 7
0x0059	0x0870      	MOVF       R0, 0
0x005A	0x00AE      	MOVWF      _hall
;MyProject.c,35 :: 		PORTD = MoveTable[hall];
0x005B	0x0870      	MOVF       R0, 0
0x005C	0x3E24      	ADDLW      _MoveTable
0x005D	0x0084      	MOVWF      FSR
0x005E	0x0800      	MOVF       INDF, 0
0x005F	0x0088      	MOVWF      PORTD
;MyProject.c,36 :: 		}
L_Interrupt3:
;MyProject.c,37 :: 		}
L_end_Interrupt:
L__Interrupt11:
0x0060	0x0822      	MOVF       34, 0
0x0061	0x00F0      	MOVWF      R0
0x0062	0x0821      	MOVF       33, 0
0x0063	0x00F1      	MOVWF      R1
0x0064	0x0820      	MOVF       32, 0
0x0065	0x00F2      	MOVWF      R2
0x0066	0x0823      	MOVF       35, 0
0x0067	0x0084      	MOVWF      FSR
0x0068	0x0834      	MOVF       ___savePCLATH, 0
0x0069	0x008A      	MOVWF      PCLATH
0x006A	0x0E33      	SWAPF      ___saveSTATUS, 0
0x006B	0x0083      	MOVWF      STATUS
0x006C	0x0EFF      	SWAPF      R15, 1
0x006D	0x0E7F      	SWAPF      R15, 0
0x006E	0x0009      	RETFIE
; end of _Interrupt
_Mul_16x16_U:
;__Lib_Math.c,136 :: 		
;__Lib_Math.c,143 :: 		
0x006F	0x1283      	BCF        STATUS, 5
;__Lib_Math.c,144 :: 		
0x0070	0x1303      	BCF        STATUS, 6
;__Lib_Math.c,145 :: 		
0x0071	0x01FB      	CLRF       R11
;__Lib_Math.c,146 :: 		
0x0072	0x01FA      	CLRF       R10
;__Lib_Math.c,147 :: 		
0x0073	0x01F9      	CLRF       R9
;__Lib_Math.c,148 :: 		
0x0074	0x3080      	MOVLW      128
;__Lib_Math.c,149 :: 		
0x0075	0x00F8      	MOVWF      R8
;__Lib_Math.c,150 :: 		
0x0076	0x0CF1      	RRF        R1, 1
;__Lib_Math.c,151 :: 		
0x0077	0x0CF0      	RRF        R0, 1
;__Lib_Math.c,152 :: 		
0x0078	0x1C03      	BTFSS      STATUS, 0
;__Lib_Math.c,153 :: 		
0x0079	0x2883      	GOTO       $+10
;__Lib_Math.c,154 :: 		
0x007A	0x0874      	MOVF       R4, 0
;__Lib_Math.c,155 :: 		
0x007B	0x07F9      	ADDWF      R9, 1
;__Lib_Math.c,156 :: 		
0x007C	0x0875      	MOVF       R5, 0
;__Lib_Math.c,157 :: 		
0x007D	0x1803      	BTFSC      STATUS, 0
;__Lib_Math.c,158 :: 		
0x007E	0x0F75      	INCFSZ     R5, 0
;__Lib_Math.c,159 :: 		
0x007F	0x07FA      	ADDWF      R10, 1
;__Lib_Math.c,160 :: 		
0x0080	0x1803      	BTFSC      STATUS, 0
;__Lib_Math.c,161 :: 		
0x0081	0x0AFB      	INCF       R11, 1
;__Lib_Math.c,162 :: 		
0x0082	0x1003      	BCF        STATUS, 0
;__Lib_Math.c,163 :: 		
0x0083	0x1FF0      	BTFSS      R0, 7
;__Lib_Math.c,164 :: 		
0x0084	0x288B      	GOTO       $+7
;__Lib_Math.c,165 :: 		
0x0085	0x0874      	MOVF       R4, 0
;__Lib_Math.c,166 :: 		
0x0086	0x07FA      	ADDWF      R10, 1
;__Lib_Math.c,167 :: 		
0x0087	0x0875      	MOVF       R5, 0
;__Lib_Math.c,168 :: 		
0x0088	0x1803      	BTFSC      STATUS, 0
;__Lib_Math.c,169 :: 		
0x0089	0x0F75      	INCFSZ     R5, 0
;__Lib_Math.c,170 :: 		
0x008A	0x07FB      	ADDWF      R11, 1
;__Lib_Math.c,171 :: 		
0x008B	0x0CFB      	RRF        R11, 1
;__Lib_Math.c,172 :: 		
0x008C	0x0CFA      	RRF        R10, 1
;__Lib_Math.c,173 :: 		
0x008D	0x0CF9      	RRF        R9, 1
;__Lib_Math.c,174 :: 		
0x008E	0x0CF8      	RRF        R8, 1
;__Lib_Math.c,175 :: 		
0x008F	0x1C03      	BTFSS      STATUS, 0
;__Lib_Math.c,176 :: 		
0x0090	0x2876      	GOTO       $-26
;__Lib_Math.c,177 :: 		
0x0091	0x087B      	MOVF       R11, 0
;__Lib_Math.c,178 :: 		
0x0092	0x00F3      	MOVWF      R3
;__Lib_Math.c,179 :: 		
0x0093	0x087A      	MOVF       R10, 0
;__Lib_Math.c,180 :: 		
0x0094	0x00F2      	MOVWF      R2
;__Lib_Math.c,181 :: 		
0x0095	0x0879      	MOVF       R9, 0
;__Lib_Math.c,182 :: 		
0x0096	0x00F1      	MOVWF      R1
;__Lib_Math.c,183 :: 		
0x0097	0x0878      	MOVF       R8, 0
;__Lib_Math.c,184 :: 		
0x0098	0x00F0      	MOVWF      R0
;__Lib_Math.c,187 :: 		
L_end_Mul_16x16_U:
0x0099	0x0008      	RETURN
; end of _Mul_16x16_U
_Delay_22us:
;__Lib_Delays.c,15 :: 		void Delay_22us() {
;__Lib_Delays.c,16 :: 		Delay_us(22);
0x009A	0x3015      	MOVLW      21
0x009B	0x1283      	BCF        STATUS, 5
0x009C	0x1303      	BCF        STATUS, 6
0x009D	0x00FD      	MOVWF      R13
L_Delay_22us1:
0x009E	0x0BFD      	DECFSZ     R13, 1
0x009F	0x289E      	GOTO       L_Delay_22us1
0x00A0	0x0000      	NOP
0x00A1	0x0000      	NOP
;__Lib_Delays.c,17 :: 		}
L_end_Delay_22us:
0x00A2	0x0008      	RETURN
; end of _Delay_22us
_____DoICP:
;__Lib_System.c,6 :: 		
;__Lib_System.c,9 :: 		
0x00A3	0x1283      	BCF        STATUS, 5
0x00A4	0x1303      	BCF        STATUS, 6
0x00A5	0x0832      	MOVF       ___DoICPAddr+1, 0
0x00A6	0x008A      	MOVWF      PCLATH
;__Lib_System.c,10 :: 		
0x00A7	0x0831      	MOVF       ___DoICPAddr, 0
0x00A8	0x0082      	MOVWF      PCL
;__Lib_System.c,12 :: 		
L_end_____DoICP:
0x00A9	0x0008      	RETURN
; end of _____DoICP
_PWM1_Init:
;__Lib_PWM_c21.c,33 :: 		
;__Lib_PWM_c21.c,34 :: 		
;__Lib_PWM_c21.c,35 :: 		
0x00AA	0x1283      	BCF        STATUS, 5
0x00AB	0x1303      	BCF        STATUS, 6
0x00AC	0x0195      	CLRF       CCPR1L
;__Lib_PWM_c21.c,36 :: 		
0x00AD	0x1217      	BCF        CCP1CON, 4
;__Lib_PWM_c21.c,37 :: 		
0x00AE	0x1297      	BCF        CCP1CON, 5
;__Lib_PWM_c21.c,38 :: 		
L_end_PWM1_Init:
0x00AF	0x0008      	RETURN
; end of _PWM1_Init
_PWM1_Start:
;__Lib_PWM_c21.c,51 :: 		
;__Lib_PWM_c21.c,52 :: 		
0x00B0	0x1683      	BSF        STATUS, 5
0x00B1	0x1303      	BCF        STATUS, 6
0x00B2	0x1107      	BCF        TRISC2_bit, 2
;__Lib_PWM_c21.c,53 :: 		
0x00B3	0x1283      	BCF        STATUS, 5
0x00B4	0x1512      	BSF        T2CON, 2
;__Lib_PWM_c21.c,54 :: 		
0x00B5	0x300C      	MOVLW      12
0x00B6	0x0497      	IORWF      CCP1CON, 1
;__Lib_PWM_c21.c,55 :: 		
L_end_PWM1_Start:
0x00B7	0x0008      	RETURN
; end of _PWM1_Start
_InitInterrupts:
;MyProject.c,38 :: 		void InitInterrupts(){
;MyProject.c,39 :: 		OPTION_REG = 0;
0x00B8	0x1683      	BSF        STATUS, 5
0x00B9	0x1303      	BCF        STATUS, 6
0x00BA	0x0181      	CLRF       OPTION_REG
;MyProject.c,40 :: 		T1CON         = 0x31;
0x00BB	0x3031      	MOVLW      49
0x00BC	0x1283      	BCF        STATUS, 5
0x00BD	0x0090      	MOVWF      T1CON
;MyProject.c,41 :: 		TMR1IF_bit    = 0;
0x00BE	0x100C      	BCF        TMR1IF_bit, 0
;MyProject.c,42 :: 		TMR1H         = 0x6D;
0x00BF	0x306D      	MOVLW      109
0x00C0	0x008F      	MOVWF      TMR1H
;MyProject.c,43 :: 		TMR1L         = 0x84;
0x00C1	0x3084      	MOVLW      132
0x00C2	0x008E      	MOVWF      TMR1L
;MyProject.c,44 :: 		TMR1IE_bit    = 1;
0x00C3	0x1683      	BSF        STATUS, 5
0x00C4	0x140C      	BSF        TMR1IE_bit, 0
;MyProject.c,45 :: 		INTCON        = 0;     //Disable all interrupts
0x00C5	0x018B      	CLRF       INTCON
;MyProject.c,46 :: 		}
L_end_InitInterrupts:
0x00C6	0x0008      	RETURN
; end of _InitInterrupts
_ADC_Read:
;__Lib_ADC_A_C.c,45 :: 		
;__Lib_ADC_A_C.c,47 :: 		
0x00C7	0x1283      	BCF        STATUS, 5
0x00C8	0x1303      	BCF        STATUS, 6
0x00C9	0x019F      	CLRF       ADCON0
;__Lib_ADC_A_C.c,48 :: 		
0x00CA	0x30C0      	MOVLW      192
0x00CB	0x049F      	IORWF      ADCON0, 1
;__Lib_ADC_A_C.c,49 :: 		
0x00CC	0x1683      	BSF        STATUS, 5
0x00CD	0x171F      	BSF        ADCON1, 6
;__Lib_ADC_A_C.c,50 :: 		
0x00CE	0x179F      	BSF        ADCON1, 7
;__Lib_ADC_A_C.c,51 :: 		
0x00CF	0x1283      	BCF        STATUS, 5
0x00D0	0x0839      	MOVF       FARG_ADC_Read_channel, 0
0x00D1	0x00F0      	MOVWF      R0
0x00D2	0x0DF0      	RLF        R0, 1
0x00D3	0x1070      	BCF        R0, 0
0x00D4	0x0DF0      	RLF        R0, 1
0x00D5	0x1070      	BCF        R0, 0
0x00D6	0x0DF0      	RLF        R0, 1
0x00D7	0x1070      	BCF        R0, 0
0x00D8	0x0870      	MOVF       R0, 0
0x00D9	0x049F      	IORWF      ADCON0, 1
;__Lib_ADC_A_C.c,54 :: 		
0x00DA	0x141F      	BSF        ADCON0, 0
;__Lib_ADC_A_C.c,57 :: 		
0x00DB	0x209A      	CALL       _Delay_22us
;__Lib_ADC_A_C.c,60 :: 		
0x00DC	0x151F      	BSF        ADCON0, 2
;__Lib_ADC_A_C.c,63 :: 		
L_ADC_Read2:
0x00DD	0x1D1F      	BTFSS      ADCON0, 2
0x00DE	0x28E1      	GOTO       L_ADC_Read3
;__Lib_ADC_A_C.c,64 :: 		
0x00DF	0x0000      	NOP
0x00E0	0x28DD      	GOTO       L_ADC_Read2
L_ADC_Read3:
;__Lib_ADC_A_C.c,67 :: 		
0x00E1	0x101F      	BCF        ADCON0, 0
;__Lib_ADC_A_C.c,70 :: 		
0x00E2	0x081E      	MOVF       ADRESH, 0
0x00E3	0x00F1      	MOVWF      R0+1
0x00E4	0x01F0      	CLRF       R0
0x00E5	0x1683      	BSF        STATUS, 5
0x00E6	0x081E      	MOVF       ADRESL, 0
0x00E7	0x04F0      	IORWF      R0, 1
0x00E8	0x3000      	MOVLW      0
0x00E9	0x04F1      	IORWF      R0+1, 1
;__Lib_ADC_A_C.c,71 :: 		
L_end_ADC_Read:
0x00EA	0x0008      	RETURN
; end of _ADC_Read
_PWM1_Stop:
;__Lib_PWM_c21.c,57 :: 		
;__Lib_PWM_c21.c,58 :: 		
0x00EB	0x1683      	BSF        STATUS, 5
0x00EC	0x1303      	BCF        STATUS, 6
0x00ED	0x1507      	BSF        TRISC2_bit, 2
;__Lib_PWM_c21.c,59 :: 		
0x00EE	0x1283      	BCF        STATUS, 5
0x00EF	0x1112      	BCF        T2CON, 2
;__Lib_PWM_c21.c,60 :: 		
0x00F0	0x30F0      	MOVLW      240
0x00F1	0x0597      	ANDWF      CCP1CON, 1
;__Lib_PWM_c21.c,61 :: 		
L_end_PWM1_Stop:
0x00F2	0x0008      	RETURN
; end of _PWM1_Stop
_PWM1_Set_Duty:
;__Lib_PWM_c21.c,40 :: 		
;__Lib_PWM_c21.c,44 :: 		
0x00F3	0x1683      	BSF        STATUS, 5
0x00F4	0x1303      	BCF        STATUS, 6
0x00F5	0x0812      	MOVF       PR2, 0
0x00F6	0x3E01      	ADDLW      1
0x00F7	0x00F0      	MOVWF      R0
0x00F8	0x01F1      	CLRF       R0+1
0x00F9	0x1803      	BTFSC      STATUS, 0
0x00FA	0x0AF1      	INCF       R0+1, 1
0x00FB	0x1283      	BCF        STATUS, 5
0x00FC	0x0839      	MOVF       FARG_PWM1_Set_Duty_new_duty, 0
0x00FD	0x00F4      	MOVWF      R4
0x00FE	0x01F5      	CLRF       R4+1
0x00FF	0x206F      	CALL       _Mul_16x16_U
0x0100	0x3006      	MOVLW      6
0x0101	0x00F2      	MOVWF      R2
0x0102	0x0870      	MOVF       R0, 0
0x0103	0x00F4      	MOVWF      R4
0x0104	0x0871      	MOVF       R0+1, 0
0x0105	0x00F5      	MOVWF      R4+1
0x0106	0x0872      	MOVF       R2, 0
L__PWM1_Set_Duty10:
0x0107	0x1903      	BTFSC      STATUS, 2
0x0108	0x290E      	GOTO       L__PWM1_Set_Duty11
0x0109	0x0CF5      	RRF        R4+1, 1
0x010A	0x0CF4      	RRF        R4, 1
0x010B	0x13F5      	BCF        R4+1, 7
0x010C	0x3EFF      	ADDLW      255
0x010D	0x2907      	GOTO       L__PWM1_Set_Duty10
L__PWM1_Set_Duty11:
;__Lib_PWM_c21.c,45 :: 		
0x010E	0x3004      	MOVLW      4
0x010F	0x00F1      	MOVWF      R1
0x0110	0x0874      	MOVF       R4, 0
0x0111	0x00F0      	MOVWF      R0
0x0112	0x0871      	MOVF       R1, 0
L__PWM1_Set_Duty12:
0x0113	0x1903      	BTFSC      STATUS, 2
0x0114	0x2919      	GOTO       L__PWM1_Set_Duty13
0x0115	0x0DF0      	RLF        R0, 1
0x0116	0x1070      	BCF        R0, 0
0x0117	0x3EFF      	ADDLW      255
0x0118	0x2913      	GOTO       L__PWM1_Set_Duty12
L__PWM1_Set_Duty13:
0x0119	0x1283      	BCF        STATUS, 5
0x011A	0x1303      	BCF        STATUS, 6
0x011B	0x3030      	MOVLW      48
0x011C	0x0570      	ANDWF      R0, 0
0x011D	0x00F3      	MOVWF      R3
;__Lib_PWM_c21.c,46 :: 		
0x011E	0x0874      	MOVF       R4, 0
0x011F	0x00F0      	MOVWF      R0
0x0120	0x0875      	MOVF       R4+1, 0
0x0121	0x00F1      	MOVWF      R0+1
0x0122	0x0CF1      	RRF        R0+1, 1
0x0123	0x0CF0      	RRF        R0, 1
0x0124	0x13F1      	BCF        R0+1, 7
0x0125	0x0CF1      	RRF        R0+1, 1
0x0126	0x0CF0      	RRF        R0, 1
0x0127	0x13F1      	BCF        R0+1, 7
0x0128	0x0870      	MOVF       R0, 0
0x0129	0x0095      	MOVWF      CCPR1L
;__Lib_PWM_c21.c,47 :: 		
0x012A	0x300F      	MOVLW      15
0x012B	0x0597      	ANDWF      CCP1CON, 1
;__Lib_PWM_c21.c,48 :: 		
0x012C	0x0873      	MOVF       R3, 0
0x012D	0x0497      	IORWF      CCP1CON, 1
;__Lib_PWM_c21.c,49 :: 		
L_end_PWM1_Set_Duty:
0x012E	0x0008      	RETURN
; end of _PWM1_Set_Duty
___CC2DW:
;__Lib_System.c,24 :: 		
;__Lib_System.c,27 :: 		
_CC2D_Loop1:
;__Lib_System.c,29 :: 		
0x012F	0x20A3      	CALL       _____DoICP
0x0130	0x118A      	BCF        PCLATH, 3
0x0131	0x120A      	BCF        PCLATH, 4
;__Lib_System.c,31 :: 		
0x0132	0x0080      	MOVWF      INDF
;__Lib_System.c,32 :: 		
0x0133	0x0A84      	INCF       FSR, 1
;__Lib_System.c,33 :: 		
0x0134	0x0AB1      	INCF       ___DoICPAddr, 1
;__Lib_System.c,35 :: 		
0x0135	0x1903      	BTFSC      STATUS, 2
;__Lib_System.c,36 :: 		
0x0136	0x0AB2      	INCF       ___DoICPAddr+1, 1
;__Lib_System.c,37 :: 		
0x0137	0x03F0      	DECF       R0, 1
;__Lib_System.c,39 :: 		
0x0138	0x1D03      	BTFSS      STATUS, 2
;__Lib_System.c,40 :: 		
0x0139	0x292F      	GOTO       _CC2D_Loop1
;__Lib_System.c,42 :: 		
L_end___CC2DW:
0x013A	0x0008      	RETURN
; end of ___CC2DW
_main:
0x013B	0x1283      	BCF        STATUS, 5
0x013C	0x1303      	BCF        STATUS, 6
0x013D	0x01A4      	CLRF       _MoveTable
0x013E	0x3021      	MOVLW      33
0x013F	0x00A5      	MOVWF      37
0x0140	0x3006      	MOVLW      6
0x0141	0x00A6      	MOVWF      38
0x0142	0x3024      	MOVLW      36
0x0143	0x00A7      	MOVWF      39
0x0144	0x3018      	MOVLW      24
0x0145	0x00A8      	MOVWF      40
0x0146	0x3009      	MOVLW      9
0x0147	0x00A9      	MOVWF      41
0x0148	0x3012      	MOVLW      18
0x0149	0x00AA      	MOVWF      42
0x014A	0x01AB      	CLRF       43
;MyProject.c,47 :: 		void main() {
;MyProject.c,48 :: 		ADCON1 = 14;                // Configure AN0 as analog
0x014B	0x300E      	MOVLW      14
0x014C	0x1683      	BSF        STATUS, 5
0x014D	0x009F      	MOVWF      ADCON1
;MyProject.c,49 :: 		CMCON  = 7;                //Disable comparators
0x014E	0x3007      	MOVLW      7
0x014F	0x009C      	MOVWF      CMCON
;MyProject.c,50 :: 		PORTB = 0;
0x0150	0x1283      	BCF        STATUS, 5
0x0151	0x0186      	CLRF       PORTB
;MyProject.c,51 :: 		TRISB = 243;
0x0152	0x30F3      	MOVLW      243
0x0153	0x1683      	BSF        STATUS, 5
0x0154	0x0086      	MOVWF      TRISB
;MyProject.c,52 :: 		PORTD = 0;
0x0155	0x1283      	BCF        STATUS, 5
0x0156	0x0188      	CLRF       PORTD
;MyProject.c,53 :: 		TRISD = 0;
0x0157	0x1683      	BSF        STATUS, 5
0x0158	0x0188      	CLRF       TRISD
;MyProject.c,54 :: 		InitInterrupts();
0x0159	0x20B8      	CALL       _InitInterrupts
;MyProject.c,55 :: 		PWM1_Init(10000);
0x015A	0x1283      	BCF        STATUS, 5
0x015B	0x1412      	BSF        T2CON, 0
0x015C	0x1092      	BCF        T2CON, 1
0x015D	0x304A      	MOVLW      74
0x015E	0x1683      	BSF        STATUS, 5
0x015F	0x0092      	MOVWF      PR2
0x0160	0x20AA      	CALL       _PWM1_Init
;MyProject.c,57 :: 		while(1){
L_main4:
;MyProject.c,58 :: 		while(PORTB.F1);   //wait for start key hit
L_main6:
0x0161	0x1C86      	BTFSS      PORTB, 1
0x0162	0x2964      	GOTO       L_main7
0x0163	0x2961      	GOTO       L_main6
L_main7:
;MyProject.c,59 :: 		while(!PORTB.F1);  // wait till key is released
L_main8:
0x0164	0x1886      	BTFSC      PORTB, 1
0x0165	0x2967      	GOTO       L_main9
0x0166	0x2964      	GOTO       L_main8
L_main9:
;MyProject.c,60 :: 		PORTB.F2 = 1;
0x0167	0x1506      	BSF        PORTB, 2
;MyProject.c,61 :: 		hall = PORTB;
0x0168	0x0806      	MOVF       PORTB, 0
0x0169	0x00AE      	MOVWF      _hall
;MyProject.c,62 :: 		hall = hall & 112;
0x016A	0x3070      	MOVLW      112
0x016B	0x052E      	ANDWF      _hall, 0
0x016C	0x00F2      	MOVWF      R2
0x016D	0x0872      	MOVF       R2, 0
0x016E	0x00AE      	MOVWF      _hall
;MyProject.c,63 :: 		hall = hall >> 4;
0x016F	0x0872      	MOVF       R2, 0
0x0170	0x00F0      	MOVWF      R0
0x0171	0x0CF0      	RRF        R0, 1
0x0172	0x13F0      	BCF        R0, 7
0x0173	0x0CF0      	RRF        R0, 1
0x0174	0x13F0      	BCF        R0, 7
0x0175	0x0CF0      	RRF        R0, 1
0x0176	0x13F0      	BCF        R0, 7
0x0177	0x0CF0      	RRF        R0, 1
0x0178	0x13F0      	BCF        R0, 7
0x0179	0x0870      	MOVF       R0, 0
0x017A	0x00AE      	MOVWF      _hall
;MyProject.c,64 :: 		PORTD = MoveTable[hall];
0x017B	0x0870      	MOVF       R0, 0
0x017C	0x3E24      	ADDLW      _MoveTable
0x017D	0x0084      	MOVWF      FSR
0x017E	0x0800      	MOVF       INDF, 0
0x017F	0x0088      	MOVWF      PORTD
;MyProject.c,65 :: 		INTCON        = 0xD8;   //Enable all interrupts
0x0180	0x30D8      	MOVLW      216
0x0181	0x008B      	MOVWF      INTCON
;MyProject.c,66 :: 		PWM1_Start();
0x0182	0x20B0      	CALL       _PWM1_Start
;MyProject.c,67 :: 		}
0x0183	0x2961      	GOTO       L_main4
;MyProject.c,68 :: 		}
L_end_main:
0x0184	0x2984      	GOTO       $+0
; end of _main
Symbol List:
//** Routines locations **
//ADDRESS    SIZE    PROCEDURE
//----------------------------------------------
0x0004     [107]    _Interrupt
0x006F      [43]    _Mul_16x16_U
0x009A       [9]    _Delay_22us
0x00A3       [7]    _____DoICP
0x00AA       [6]    _PWM1_Init
0x00B0       [8]    _PWM1_Start
0x00B8      [15]    _InitInterrupts
0x00C7      [36]    _ADC_Read
0x00EB       [8]    _PWM1_Stop
0x00F3      [60]    _PWM1_Set_Duty
0x012F      [12]    ___CC2DW
0x013B      [74]    _main
//** Variables locations ** 
//ADDRESS    SIZE    VARIABLE
//----------------------------------------------
0x0000       [1]    INDF
0x0002       [1]    PCL
0x0003       [1]    STATUS
0x0004       [1]    FSR
0x0005       [1]    PORTA
0x0006       [1]    PORTB
0x0007       [1]    PORTC
0x0008       [1]    PORTD
0x0009       [1]    PORTE
0x000A       [1]    PCLATH
0x000B       [1]    INTCON
0x000B       [0]    RBIF_bit
0x000B       [0]    INTF_bit
0x000C       [1]    PIR1
0x000C       [0]    TMR1IF_bit
0x000D       [1]    PIR2
0x000E       [1]    TMR1L
0x000F       [1]    TMR1H
0x0010       [1]    T1CON
0x0012       [1]    T2CON
0x0014       [1]    SSPCON
0x0015       [1]    CCPR1L
0x0017       [1]    CCP1CON
0x0018       [1]    RCSTA
0x001D       [1]    CCP2CON
0x001E       [1]    ADRESH
0x001F       [1]    ADCON0
0x0024       [8]    _MoveTable
0x002C       [2]    _dt
0x002E       [1]    _hall
0x002F       [2]    _dt0
0x0031       [2]    ___DoICPAddr
0x0033       [1]    ___saveSTATUS
0x0034       [1]    ___savePCLATH
0x0035       [4]    FARG_PWM1_Init_PWM_Freq
0x0039       [1]    FARG_ADC_Read_channel
0x0039       [1]    FARG_PWM1_Set_Duty_new_duty
0x0070       [1]    R0
0x0071       [1]    R1
0x0072       [1]    R2
0x0073       [1]    R3
0x0074       [1]    R4
0x0075       [1]    R5
0x0076       [1]    R6
0x0077       [1]    R7
0x0078       [1]    R8
0x0079       [1]    R9
0x007A       [1]    R10
0x007B       [1]    R11
0x007C       [1]    R12
0x007D       [1]    R13
0x007E       [1]    R14
0x007F       [1]    R15
0x0081       [1]    OPTION_REG
0x0085       [1]    TRISA
0x0086       [1]    TRISB
0x0087       [1]    TRISC
0x0087       [0]    TRISC2_bit
0x0088       [1]    TRISD
0x0089       [1]    TRISE
0x008C       [0]    TMR1IE_bit
0x008C       [1]    PIE1
0x008D       [1]    PIE2
0x008E       [1]    PCON
0x0091       [1]    SSPCON2
0x0092       [1]    PR2
0x0094       [1]    SSPSTAT
0x0098       [1]    TXSTA
0x009C       [1]    CMCON
0x009D       [1]    CVRCON
0x009E       [1]    ADRESL
0x009F       [1]    ADCON1
0x018C       [1]    EECON1
//** Label List: ** 
//----------------------------------------------
  L_Interrupt0
  L_Interrupt1
  L_Interrupt2
  L_Interrupt3
  L_main4
  L_main5
  L_main6
  L_main7
  L_main8
  L_main9
  L_end_Interrupt
  _Interrupt
  L__Interrupt11
  L__Interrupt12
  L_end_InitInterrupts
  _InitInterrupts
  L_end_main
  _main
  L_end_P16F877A___?ag
  P16F877A____?ag
  L_end_PWM2_Init
  _PWM2_Init
  L_end_PWM2_Set_Duty
  _PWM2_Set_Duty
  L__PWM2_Set_Duty2
  L__PWM2_Set_Duty3
  L__PWM2_Set_Duty4
  L__PWM2_Set_Duty5
  L_end_PWM2_Start
  _PWM2_Start
  L_end_PWM2_Stop
  _PWM2_Stop
  L_end_PWM1_Init
  _PWM1_Init
  L_end_PWM1_Set_Duty
  _PWM1_Set_Duty
  L__PWM1_Set_Duty10
  L__PWM1_Set_Duty11
  L__PWM1_Set_Duty12
  L__PWM1_Set_Duty13
  L_end_PWM1_Start
  _PWM1_Start
  L_end_PWM1_Stop
  _PWM1_Stop
  _CC2D_Loop1
  L_end_____DoICP
  _____DoICP
  L_end_____DoIFC
  _____DoIFC
  L_end___CC2DW
  ___CC2DW
  L_end_Swap
  _Swap
  L_Interrupt0
  L_Interrupt1
  L_Interrupt2
  L_Interrupt3
  L_main4
  L_main5
  L_main6
  L_main7
  L_main8
  L_main9
  L_end_Interrupt
  _Interrupt
  L__Interrupt11
  L__Interrupt12
  L_end_InitInterrupts
  _InitInterrupts
  L_end_main
  _main
  L_ADC_Get_Sample0
  L_ADC_Get_Sample1
  L_ADC_Read2
  L_ADC_Read3
  L_end_ADC_Init
  _ADC_Init
  L_end_ADC_Get_Sample
  _ADC_Get_Sample
  L_end_ADC_Read
  _ADC_Read
  L_Delay_10us0
  L_Delay_22us1
  L_Delay_50us2
  L_Delay_80us3
  L_Delay_500us4
  L_Delay_5500us5
  L_Delay_1ms6
  L_Delay_5ms7
  L_Delay_8ms8
  L_Delay_10ms9
  L_Delay_100ms10
  L_Delay_1sec11
  L_boot16_Delay_5ms12
  L_Delay_Cyc13
  L_Delay_Cyc14
  L_VDelay_ms15
  L_VDelay_ms16
  L_VDelay_ms17
  L_VDelay_Advanced_ms18
  L_VDelay_Advanced_ms19
  L_VDelay_Advanced_ms20
  L_end_Get_Fosc_kHz
  _Get_Fosc_kHz
  L_end_Delay_1us
  _Delay_1us
  L_end_Delay_10us
  _Delay_10us
  L_end_Delay_22us
  _Delay_22us
  L_end_Delay_50us
  _Delay_50us
  L_end_Delay_80us
  _Delay_80us
  L_end_Delay_500us
  _Delay_500us
  L_end_Delay_5500us
  _Delay_5500us
  L_end_Delay_1ms
  _Delay_1ms
  L_end_Delay_5ms
  _Delay_5ms
  L_end_Delay_8ms
  _Delay_8ms
  L_end_Delay_10ms
  _Delay_10ms
  L_end_Delay_100ms
  _Delay_100ms
  L_end_Delay_1sec
  _Delay_1sec
  L_end_boot16_Delay_5ms
  _boot16_Delay_5ms
  L_end_Delay_Cyc
  _Delay_Cyc
  L_end_VDelay_ms
  _VDelay_ms
  L__VDelay_ms38
  L__VDelay_ms39
  L__VDelay_ms40
  L_end_VDelay_Advanced_ms
  _VDelay_Advanced_ms
  L__VDelay_Advanced_ms42
  L__VDelay_Advanced_ms43
  L__VDelay_Advanced_ms44
  L_Div_16x16_S0
  L_Div_16x16_S1
  LOOPS3232A
  SADD22LA
  SOK22LA
  SADD22L8
  SOK22L8
  LOOPS3232B
  SADD22LB
  SOK22LB
  SADD22L16
  SOK22L16
  LOOPS3232C
  SADD22LC
  SOK22LC
  SADD22L24
  SOK22L24
  LOOPS3232D
  SADD22LD
  SOK22LD
  SOK22L
  L_Div_32x32_S6
  L_Div_32x32_S7
  L_Div_32x32_S8
  L_Div_32x32_S9
  FXD3232S
  END_ALL
  CA3232S
  C3232SX
  C3232SX1
  C3232S
  C3232S2
  C3232SX4
  C3232SOK
  C3232SX3
  C3232SX2
  avoid_comfrem
  LOOPU3232A
  UADD22LA
  UOK22LA
  UADD22L8
  UOK22L8
  LOOPU3232B
  UADD22LB
  UOK22LB
  UADD22L16
  UOK22L16
  LOOPU3232C
  UADD22LC
  UOK22LC
  UADD22L24
  UOK22L24
  LOOPU3232D
  UADD22LD
  UOK22LD
  UOK22L
  _NEXT
  _EXIT2
  _LOOP
  _EXIT1
  _IF_FIRST
  _IF_SECOND
  _INVERCE_FIRST
  _MULT
  _INBERSE_SECOND
  _EXIT
  L_end_Mul_8x8_U
  _Mul_8x8_U
  L_end_Mul_16x16_U
  _Mul_16x16_U
  L_end_Div_8x8_U
  _Div_8x8_U
  L_end_Div_16x16_U
  _Div_16x16_U
  L_end_Mul_8x8_S
  _Mul_8x8_S
  L_end_Mul_16x16_S
  _Mul_16x16_S
  L_end_Div_16x16_S_L
  _Div_16x16_S_L
  L_end_Div_16x16_S
  _Div_16x16_S
  L_end_Div_8x8_S
  _Div_8x8_S
  L_end_SDIV3232L
  _SDIV3232L
  L_end_COMFREM
  _COMFREM
  L_end_Div_32x32_S
  _Div_32x32_S
  L_end_Div_32x32_U
  _Div_32x32_U
  L_end_Mul_32x32_U
  _Mul_32x32_U
  L_end_Mul_32x32_S
  _Mul_32x32_S
  L_end_PWM2_Init
  _PWM2_Init
  L_end_PWM2_Set_Duty
  _PWM2_Set_Duty
  L__PWM2_Set_Duty2
  L__PWM2_Set_Duty3
  L__PWM2_Set_Duty4
  L__PWM2_Set_Duty5
  L_end_PWM2_Start
  _PWM2_Start
  L_end_PWM2_Stop
  _PWM2_Stop
  L_end_PWM1_Init
  _PWM1_Init
  L_end_PWM1_Set_Duty
  _PWM1_Set_Duty
  L__PWM1_Set_Duty10
  L__PWM1_Set_Duty11
  L__PWM1_Set_Duty12
  L__PWM1_Set_Duty13
  L_end_PWM1_Start
  _PWM1_Start
  L_end_PWM1_Stop
  _PWM1_Stop
